# JRE version: OpenJDK Runtime Environment (17.0.11) (build 17.0.11+0--11852314)
# Java VM: OpenJDK 64-Bit Server VM (17.0.11+0--11852314, mixed mode, tiered, compressed oops, compressed class ptrs, g1 gc, windows-amd64)
GC Precious Log:
 CPUs: 4 total, 4 available
 Memory: 8077M
 Large Page Support: Disabled
 NUMA Support: Disabled
 Compressed Oops: Enabled (32-bit)
 Heap Region Size: 1M
 Heap Min Capacity: 8M
 Heap Initial Capacity: 128M
 Heap Max Capacity: 2G
 Pre-touch: Disabled
 Parallel Workers: 4
 Concurrent Workers: 1
 Concurrent Refinement Workers: 4
 Periodic GC: Disabled
Heap:
 garbage-first heap   total 165888K, used 105600K [0x0000000080000000, 0x0000000100000000)
  region size 1024K, 14 young (14336K), 1 survivors (1024K)
 Metaspace       used 72606K, committed 73344K, reserved 1114112K
  class space    used 9785K, committed 10112K, reserved 1048576K
GC Heap History (20 events):
Event: 14.822 GC heap before
{Heap before GC invocations=28 (full 0):
 garbage-first heap   total 121856K, used 88111K [0x0000000080000000, 0x0000000100000000)
  region size 1024K, 22 young (22528K), 2 survivors (2048K)
 Metaspace       used 53984K, committed 54592K, reserved 1114112K
  class space    used 7247K, committed 7552K, reserved 1048576K
}
Event: 14.826 GC heap after
{Heap after GC invocations=29 (full 0):
 garbage-first heap   total 121856K, used 68536K [0x0000000080000000, 0x0000000100000000)
  region size 1024K, 2 young (2048K), 2 survivors (2048K)
 Metaspace       used 53984K, committed 54592K, reserved 1114112K
  class space    used 7247K, committed 7552K, reserved 1048576K
}
Event: 15.797 GC heap before
{Heap before GC invocations=30 (full 0):
 garbage-first heap   total 122880K, used 91064K [0x0000000080000000, 0x0000000100000000)
  region size 1024K, 24 young (24576K), 2 survivors (2048K)
 Metaspace       used 56919K, committed 57472K, reserved 1114112K
  class space    used 7709K, committed 8000K, reserved 1048576K
}
Event: 15.802 GC heap after
{Heap after GC invocations=31 (full 0):
 garbage-first heap   total 122880K, used 69891K [0x0000000080000000, 0x0000000100000000)
  region size 1024K, 3 young (3072K), 3 survivors (3072K)
 Metaspace       used 56919K, committed 57472K, reserved 1114112K
  class space    used 7709K, committed 8000K, reserved 1048576K
}
Event: 16.467 GC heap before
{Heap before GC invocations=31 (full 0):
 garbage-first heap   total 122880K, used 93443K [0x0000000080000000, 0x0000000100000000)
  region size 1024K, 26 young (26624K), 3 survivors (3072K)
 Metaspace       used 59141K, committed 59776K, reserved 1114112K
  class space    used 8107K, committed 8384K, reserved 1048576K
}
Event: 16.473 GC heap after
{Heap after GC invocations=32 (full 0):
 garbage-first heap   total 122880K, used 71504K [0x0000000080000000, 0x0000000100000000)
  region size 1024K, 3 young (3072K), 3 survivors (3072K)
 Metaspace       used 59141K, committed 59776K, reserved 1114112K
  class space    used 8107K, committed 8384K, reserved 1048576K
}
Event: 17.343 GC heap before
{Heap before GC invocations=33 (full 0):
 garbage-first heap   total 122880K, used 95056K [0x0000000080000000, 0x0000000100000000)
  region size 1024K, 27 young (27648K), 3 survivors (3072K)
 Metaspace       used 63320K, committed 64000K, reserved 1114112K
  class space    used 8639K, committed 8960K, reserved 1048576K
}
Event: 17.356 GC heap after
{Heap after GC invocations=34 (full 0):
 garbage-first heap   total 122880K, used 73957K [0x0000000080000000, 0x0000000100000000)
  region size 1024K, 4 young (4096K), 4 survivors (4096K)
 Metaspace       used 63320K, committed 64000K, reserved 1114112K
  class space    used 8639K, committed 8960K, reserved 1048576K
}
Event: 19.852 GC heap before
{Heap before GC invocations=34 (full 0):
 garbage-first heap   total 122880K, used 96485K [0x0000000080000000, 0x0000000100000000)
  region size 1024K, 27 young (27648K), 4 survivors (4096K)
 Metaspace       used 67596K, committed 68224K, reserved 1114112K
  class space    used 9210K, committed 9472K, reserved 1048576K
}
Event: 19.861 GC heap after
{Heap after GC invocations=35 (full 0):
 garbage-first heap   total 122880K, used 76937K [0x0000000080000000, 0x0000000100000000)
  region size 1024K, 4 young (4096K), 4 survivors (4096K)
 Metaspace       used 67596K, committed 68224K, reserved 1114112K
  class space    used 9210K, committed 9472K, reserved 1048576K
}
Event: 21.363 GC heap before
{Heap before GC invocations=36 (full 0):
 garbage-first heap   total 133120K, used 98441K [0x0000000080000000, 0x0000000100000000)
  region size 1024K, 25 young (25600K), 4 survivors (4096K)
 Metaspace       used 68068K, committed 68672K, reserved 1114112K
  class space    used 9239K, committed 9536K, reserved 1048576K
}
Event: 21.372 GC heap after
{Heap after GC invocations=37 (full 0):
 garbage-first heap   total 133120K, used 80446K [0x0000000080000000, 0x0000000100000000)
  region size 1024K, 4 young (4096K), 4 survivors (4096K)
 Metaspace       used 68068K, committed 68672K, reserved 1114112K
  class space    used 9239K, committed 9536K, reserved 1048576K
}
Event: 22.469 GC heap before
{Heap before GC invocations=37 (full 0):
 garbage-first heap   total 133120K, used 99902K [0x0000000080000000, 0x0000000100000000)
  region size 1024K, 25 young (25600K), 4 survivors (4096K)
 Metaspace       used 68358K, committed 68992K, reserved 1114112K
  class space    used 9257K, committed 9536K, reserved 1048576K
}
Event: 22.478 GC heap after
{Heap after GC invocations=38 (full 0):
 garbage-first heap   total 133120K, used 81179K [0x0000000080000000, 0x0000000100000000)
  region size 1024K, 3 young (3072K), 3 survivors (3072K)
 Metaspace       used 68358K, committed 68992K, reserved 1114112K
  class space    used 9257K, committed 9536K, reserved 1048576K
}
Event: 23.745 GC heap before
{Heap before GC invocations=39 (full 0):
 garbage-first heap   total 142336K, used 112923K [0x0000000080000000, 0x0000000100000000)
  region size 1024K, 28 young (28672K), 3 survivors (3072K)
 Metaspace       used 69612K, committed 70272K, reserved 1114112K
  class space    used 9424K, committed 9728K, reserved 1048576K
}
Event: 23.750 GC heap after
{Heap after GC invocations=40 (full 0):
 garbage-first heap   total 142336K, used 93309K [0x0000000080000000, 0x0000000100000000)
  region size 1024K, 4 young (4096K), 4 survivors (4096K)
 Metaspace       used 69612K, committed 70272K, reserved 1114112K
  class space    used 9424K, committed 9728K, reserved 1048576K
}
Event: 23.776 GC heap before
{Heap before GC invocations=40 (full 0):
 garbage-first heap   total 142336K, used 95357K [0x0000000080000000, 0x0000000100000000)
  region size 1024K, 6 young (6144K), 4 survivors (4096K)
 Metaspace       used 69770K, committed 70464K, reserved 1114112K
  class space    used 9446K, committed 9728K, reserved 1048576K
}
Event: 23.780 GC heap after
{Heap after GC invocations=41 (full 0):
 garbage-first heap   total 142336K, used 93131K [0x0000000080000000, 0x0000000100000000)
  region size 1024K, 1 young (1024K), 1 survivors (1024K)
 Metaspace       used 69770K, committed 70464K, reserved 1114112K
  class space    used 9446K, committed 9728K, reserved 1048576K
}
Event: 24.214 GC heap before
{Heap before GC invocations=41 (full 0):
 garbage-first heap   total 142336K, used 114635K [0x0000000080000000, 0x0000000100000000)
  region size 1024K, 22 young (22528K), 1 survivors (1024K)
 Metaspace       used 71452K, committed 72128K, reserved 1114112K
  class space    used 9677K, committed 9984K, reserved 1048576K
}
Event: 24.216 GC heap after
{Heap after GC invocations=42 (full 0):
 garbage-first heap   total 142336K, used 93312K [0x0000000080000000, 0x0000000100000000)
  region size 1024K, 1 young (1024K), 1 survivors (1024K)
 Metaspace       used 71452K, committed 72128K, reserved 1114112K
  class space    used 9677K, committed 9984K, reserved 1048576K
}

