# JRE version: OpenJDK Runtime Environment (17.0.11) (build 17.0.11+0--11852314)
# Java VM: OpenJDK 64-Bit Server VM (17.0.11+0--11852314, mixed mode, tiered, compressed oops, compressed class ptrs, g1 gc, windows-amd64)
GC Precious Log:
 CPUs: 4 total, 4 available
 Memory: 8077M
 Large Page Support: Disabled
 NUMA Support: Disabled
 Compressed Oops: Enabled (32-bit)
 Heap Region Size: 1M
 Heap Min Capacity: 8M
 Heap Initial Capacity: 128M
 Heap Max Capacity: 2G
 Pre-touch: Disabled
 Parallel Workers: 4
 Concurrent Workers: 1
 Concurrent Refinement Workers: 4
 Periodic GC: Disabled
Heap:
 garbage-first heap   total 126976K, used 83994K [0x0000000080000000, 0x0000000100000000)
  region size 1024K, 17 young (17408K), 1 survivors (1024K)
 Metaspace       used 53797K, committed 54400K, reserved 1114112K
  class space    used 7203K, committed 7488K, reserved 1048576K
GC Heap History (20 events):
Event: 7.117 GC heap before
{Heap before GC invocations=13 (full 0):
 garbage-first heap   total 71680K, used 57026K [0x0000000080000000, 0x0000000100000000)
  region size 1024K, 18 young (18432K), 2 survivors (2048K)
 Metaspace       used 42794K, committed 43200K, reserved 1114112K
  class space    used 5823K, committed 6016K, reserved 1048576K
}
Event: 7.124 GC heap after
{Heap after GC invocations=14 (full 0):
 garbage-first heap   total 71680K, used 43494K [0x0000000080000000, 0x0000000100000000)
  region size 1024K, 3 young (3072K), 3 survivors (3072K)
 Metaspace       used 42794K, committed 43200K, reserved 1114112K
  class space    used 5823K, committed 6016K, reserved 1048576K
}
Event: 7.493 GC heap before
{Heap before GC invocations=15 (full 0):
 garbage-first heap   total 76800K, used 56806K [0x0000000080000000, 0x0000000100000000)
  region size 1024K, 17 young (17408K), 3 survivors (3072K)
 Metaspace       used 44642K, committed 45056K, reserved 1114112K
  class space    used 6028K, committed 6208K, reserved 1048576K
}
Event: 7.499 GC heap after
{Heap after GC invocations=16 (full 0):
 garbage-first heap   total 76800K, used 45410K [0x0000000080000000, 0x0000000100000000)
  region size 1024K, 2 young (2048K), 2 survivors (2048K)
 Metaspace       used 44642K, committed 45056K, reserved 1114112K
  class space    used 6028K, committed 6208K, reserved 1048576K
}
Event: 7.770 GC heap before
{Heap before GC invocations=16 (full 0):
 garbage-first heap   total 76800K, used 61794K [0x0000000080000000, 0x0000000100000000)
  region size 1024K, 18 young (18432K), 2 survivors (2048K)
 Metaspace       used 44936K, committed 45376K, reserved 1114112K
  class space    used 6063K, committed 6272K, reserved 1048576K
}
Event: 7.774 GC heap after
{Heap after GC invocations=17 (full 0):
 garbage-first heap   total 92160K, used 46260K [0x0000000080000000, 0x0000000100000000)
  region size 1024K, 2 young (2048K), 2 survivors (2048K)
 Metaspace       used 44936K, committed 45376K, reserved 1114112K
  class space    used 6063K, committed 6272K, reserved 1048576K
}
Event: 7.866 GC heap before
{Heap before GC invocations=18 (full 0):
 garbage-first heap   total 92160K, used 49332K [0x0000000080000000, 0x0000000100000000)
  region size 1024K, 6 young (6144K), 2 survivors (2048K)
 Metaspace       used 45133K, committed 45568K, reserved 1114112K
  class space    used 6076K, committed 6272K, reserved 1048576K
}
Event: 7.870 GC heap after
{Heap after GC invocations=19 (full 0):
 garbage-first heap   total 92160K, used 47543K [0x0000000080000000, 0x0000000100000000)
  region size 1024K, 2 young (2048K), 2 survivors (2048K)
 Metaspace       used 45133K, committed 45568K, reserved 1114112K
  class space    used 6076K, committed 6272K, reserved 1048576K
}
Event: 8.527 GC heap before
{Heap before GC invocations=20 (full 0):
 garbage-first heap   total 92160K, used 78263K [0x0000000080000000, 0x0000000100000000)
  region size 1024K, 28 young (28672K), 2 survivors (2048K)
 Metaspace       used 48879K, committed 49344K, reserved 1114112K
  class space    used 6557K, committed 6784K, reserved 1048576K
}
Event: 8.532 GC heap after
{Heap after GC invocations=21 (full 0):
 garbage-first heap   total 92160K, used 48284K [0x0000000080000000, 0x0000000100000000)
  region size 1024K, 4 young (4096K), 4 survivors (4096K)
 Metaspace       used 48879K, committed 49344K, reserved 1114112K
  class space    used 6557K, committed 6784K, reserved 1048576K
}
Event: 8.949 GC heap before
{Heap before GC invocations=21 (full 0):
 garbage-first heap   total 92160K, used 63644K [0x0000000080000000, 0x0000000100000000)
  region size 1024K, 20 young (20480K), 4 survivors (4096K)
 Metaspace       used 50251K, committed 50688K, reserved 1114112K
  class space    used 6784K, committed 6976K, reserved 1048576K
}
Event: 8.957 GC heap after
{Heap after GC invocations=22 (full 0):
 garbage-first heap   total 92160K, used 50492K [0x0000000080000000, 0x0000000100000000)
  region size 1024K, 4 young (4096K), 4 survivors (4096K)
 Metaspace       used 50251K, committed 50688K, reserved 1114112K
  class space    used 6784K, committed 6976K, reserved 1048576K
}
Event: 9.192 GC heap before
{Heap before GC invocations=23 (full 0):
 garbage-first heap   total 101376K, used 63804K [0x0000000080000000, 0x0000000100000000)
  region size 1024K, 11 young (11264K), 4 survivors (4096K)
 Metaspace       used 50499K, committed 51008K, reserved 1114112K
  class space    used 6831K, committed 7040K, reserved 1048576K
}
Event: 9.199 GC heap after
{Heap after GC invocations=24 (full 0):
 garbage-first heap   total 101376K, used 61076K [0x0000000080000000, 0x0000000100000000)
  region size 1024K, 3 young (3072K), 3 survivors (3072K)
 Metaspace       used 50499K, committed 51008K, reserved 1114112K
  class space    used 6831K, committed 7040K, reserved 1048576K
}
Event: 9.367 GC heap before
{Heap before GC invocations=25 (full 0):
 garbage-first heap   total 116736K, used 70292K [0x0000000080000000, 0x0000000100000000)
  region size 1024K, 9 young (9216K), 3 survivors (3072K)
 Metaspace       used 50849K, committed 51328K, reserved 1114112K
  class space    used 6856K, committed 7040K, reserved 1048576K
}
Event: 9.370 GC heap after
{Heap after GC invocations=26 (full 0):
 garbage-first heap   total 116736K, used 68342K [0x0000000080000000, 0x0000000100000000)
  region size 1024K, 2 young (2048K), 2 survivors (2048K)
 Metaspace       used 50849K, committed 51328K, reserved 1114112K
  class space    used 6856K, committed 7040K, reserved 1048576K
}
Event: 9.829 GC heap before
{Heap before GC invocations=27 (full 0):
 garbage-first heap   total 126976K, used 86774K [0x0000000080000000, 0x0000000100000000)
  region size 1024K, 18 young (18432K), 2 survivors (2048K)
 Metaspace       used 53126K, committed 53632K, reserved 1114112K
  class space    used 7089K, committed 7296K, reserved 1048576K
}
Event: 9.832 GC heap after
{Heap after GC invocations=28 (full 0):
 garbage-first heap   total 126976K, used 68617K [0x0000000080000000, 0x0000000100000000)
  region size 1024K, 3 young (3072K), 3 survivors (3072K)
 Metaspace       used 53126K, committed 53632K, reserved 1114112K
  class space    used 7089K, committed 7296K, reserved 1048576K
}
Event: 9.863 GC heap before
{Heap before GC invocations=28 (full 0):
 garbage-first heap   total 126976K, used 71689K [0x0000000080000000, 0x0000000100000000)
  region size 1024K, 6 young (6144K), 3 survivors (3072K)
 Metaspace       used 53164K, committed 53632K, reserved 1114112K
  class space    used 7097K, committed 7296K, reserved 1048576K
}
Event: 9.866 GC heap after
{Heap after GC invocations=29 (full 0):
 garbage-first heap   total 126976K, used 68634K [0x0000000080000000, 0x0000000100000000)
  region size 1024K, 1 young (1024K), 1 survivors (1024K)
 Metaspace       used 53164K, committed 53632K, reserved 1114112K
  class space    used 7097K, committed 7296K, reserved 1048576K
}

