# JRE version: OpenJDK Runtime Environment (17.0.11) (build 17.0.11+0--11852314)
# Java VM: OpenJDK 64-Bit Server VM (17.0.11+0--11852314, mixed mode, tiered, compressed oops, compressed class ptrs, g1 gc, windows-amd64)
GC Precious Log:
 CPUs: 4 total, 4 available
 Memory: 8077M
 Large Page Support: Disabled
 NUMA Support: Disabled
 Compressed Oops: Enabled (32-bit)
 Heap Region Size: 1M
 Heap Min Capacity: 8M
 Heap Initial Capacity: 128M
 Heap Max Capacity: 2G
 Pre-touch: Disabled
 Parallel Workers: 4
 Concurrent Workers: 1
 Concurrent Refinement Workers: 4
 Periodic GC: Disabled
Heap:
 garbage-first heap   total 380928K, used 265255K [0x0000000080000000, 0x0000000100000000)
  region size 1024K, 61 young (62464K), 9 survivors (9216K)
 Metaspace       used 134463K, committed 135616K, reserved 1179648K
  class space    used 17784K, committed 18368K, reserved 1048576K
GC Heap History (20 events):
Event: 1765.714 GC heap before
{Heap before GC invocations=74 (full 0):
 garbage-first heap   total 352256K, used 285510K [0x0000000080000000, 0x0000000100000000)
  region size 1024K, 123 young (125952K), 8 survivors (8192K)
 Metaspace       used 122515K, committed 123648K, reserved 1179648K
  class space    used 16492K, committed 17088K, reserved 1048576K
}
Event: 1765.765 GC heap after
{Heap after GC invocations=75 (full 0):
 garbage-first heap   total 352256K, used 184749K [0x0000000080000000, 0x0000000100000000)
  region size 1024K, 16 young (16384K), 16 survivors (16384K)
 Metaspace       used 122515K, committed 123648K, reserved 1179648K
  class space    used 16492K, committed 17088K, reserved 1048576K
}
Event: 1765.809 GC heap before
{Heap before GC invocations=75 (full 0):
 garbage-first heap   total 352256K, used 184749K [0x0000000080000000, 0x0000000100000000)
  region size 1024K, 17 young (17408K), 16 survivors (16384K)
 Metaspace       used 122516K, committed 123648K, reserved 1179648K
  class space    used 16492K, committed 17088K, reserved 1048576K
}
Event: 1765.840 GC heap after
{Heap after GC invocations=76 (full 0):
 garbage-first heap   total 352256K, used 187392K [0x0000000080000000, 0x0000000100000000)
  region size 1024K, 2 young (2048K), 2 survivors (2048K)
 Metaspace       used 122516K, committed 123648K, reserved 1179648K
  class space    used 16492K, committed 17088K, reserved 1048576K
}
Event: 1768.891 GC heap before
{Heap before GC invocations=77 (full 0):
 garbage-first heap   total 352256K, used 291840K [0x0000000080000000, 0x0000000100000000)
  region size 1024K, 85 young (87040K), 2 survivors (2048K)
 Metaspace       used 123223K, committed 124288K, reserved 1179648K
  class space    used 16549K, committed 17088K, reserved 1048576K
}
Event: 1768.934 GC heap after
{Heap after GC invocations=78 (full 0):
 garbage-first heap   total 352256K, used 217088K [0x0000000080000000, 0x0000000100000000)
  region size 1024K, 11 young (11264K), 11 survivors (11264K)
 Metaspace       used 123223K, committed 124288K, reserved 1179648K
  class space    used 16549K, committed 17088K, reserved 1048576K
}
Event: 1769.160 GC heap before
{Heap before GC invocations=78 (full 0):
 garbage-first heap   total 352256K, used 236544K [0x0000000080000000, 0x0000000100000000)
  region size 1024K, 17 young (17408K), 11 survivors (11264K)
 Metaspace       used 123437K, committed 124608K, reserved 1179648K
  class space    used 16566K, committed 17152K, reserved 1048576K
}
Event: 1769.184 GC heap after
{Heap after GC invocations=79 (full 0):
 garbage-first heap   total 352256K, used 220626K [0x0000000080000000, 0x0000000100000000)
  region size 1024K, 2 young (2048K), 2 survivors (2048K)
 Metaspace       used 123437K, committed 124608K, reserved 1179648K
  class space    used 16566K, committed 17152K, reserved 1048576K
}
Event: 1769.893 GC heap before
{Heap before GC invocations=79 (full 0):
 garbage-first heap   total 352256K, used 280018K [0x0000000080000000, 0x0000000100000000)
  region size 1024K, 61 young (62464K), 2 survivors (2048K)
 Metaspace       used 126582K, committed 127680K, reserved 1179648K
  class space    used 16860K, committed 17408K, reserved 1048576K
}
Event: 1769.902 GC heap after
{Heap after GC invocations=80 (full 0):
 garbage-first heap   total 352256K, used 227328K [0x0000000080000000, 0x0000000100000000)
  region size 1024K, 8 young (8192K), 8 survivors (8192K)
 Metaspace       used 126582K, committed 127680K, reserved 1179648K
  class space    used 16860K, committed 17408K, reserved 1048576K
}
Event: 1771.087 GC heap before
{Heap before GC invocations=81 (full 0):
 garbage-first heap   total 380928K, used 276480K [0x0000000080000000, 0x0000000100000000)
  region size 1024K, 65 young (66560K), 8 survivors (8192K)
 Metaspace       used 127240K, committed 128384K, reserved 1179648K
  class space    used 16910K, committed 17472K, reserved 1048576K
}
Event: 1771.105 GC heap after
{Heap after GC invocations=82 (full 0):
 garbage-first heap   total 380928K, used 226801K [0x0000000080000000, 0x0000000100000000)
  region size 1024K, 9 young (9216K), 9 survivors (9216K)
 Metaspace       used 127240K, committed 128384K, reserved 1179648K
  class space    used 16910K, committed 17472K, reserved 1048576K
}
Event: 1771.199 GC heap before
{Heap before GC invocations=82 (full 0):
 garbage-first heap   total 380928K, used 236017K [0x0000000080000000, 0x0000000100000000)
  region size 1024K, 18 young (18432K), 9 survivors (9216K)
 Metaspace       used 127323K, committed 128448K, reserved 1179648K
  class space    used 16917K, committed 17472K, reserved 1048576K
}
Event: 1771.223 GC heap after
{Heap after GC invocations=83 (full 0):
 garbage-first heap   total 380928K, used 203128K [0x0000000080000000, 0x0000000100000000)
  region size 1024K, 2 young (2048K), 2 survivors (2048K)
 Metaspace       used 127323K, committed 128448K, reserved 1179648K
  class space    used 16917K, committed 17472K, reserved 1048576K
}
Event: 1773.734 GC heap before
{Heap before GC invocations=83 (full 0):
 garbage-first heap   total 380928K, used 292216K [0x0000000080000000, 0x0000000100000000)
  region size 1024K, 90 young (92160K), 2 survivors (2048K)
 Metaspace       used 129738K, committed 130880K, reserved 1179648K
  class space    used 17181K, committed 17728K, reserved 1048576K
}
Event: 1773.742 GC heap after
{Heap after GC invocations=84 (full 0):
 garbage-first heap   total 380928K, used 205685K [0x0000000080000000, 0x0000000100000000)
  region size 1024K, 5 young (5120K), 5 survivors (5120K)
 Metaspace       used 129738K, committed 130880K, reserved 1179648K
  class space    used 17181K, committed 17728K, reserved 1048576K
}
Event: 1777.045 GC heap before
{Heap before GC invocations=84 (full 0):
 garbage-first heap   total 380928K, used 297845K [0x0000000080000000, 0x0000000100000000)
  region size 1024K, 96 young (98304K), 5 survivors (5120K)
 Metaspace       used 131927K, committed 132992K, reserved 1179648K
  class space    used 17465K, committed 17984K, reserved 1048576K
}
Event: 1777.060 GC heap after
{Heap after GC invocations=85 (full 0):
 garbage-first heap   total 380928K, used 211565K [0x0000000080000000, 0x0000000100000000)
  region size 1024K, 10 young (10240K), 10 survivors (10240K)
 Metaspace       used 131927K, committed 132992K, reserved 1179648K
  class space    used 17465K, committed 17984K, reserved 1048576K
}
Event: 1778.356 GC heap before
{Heap before GC invocations=85 (full 0):
 garbage-first heap   total 380928K, used 282221K [0x0000000080000000, 0x0000000100000000)
  region size 1024K, 81 young (82944K), 10 survivors (10240K)
 Metaspace       used 132339K, committed 133376K, reserved 1179648K
  class space    used 17523K, committed 18048K, reserved 1048576K
}
Event: 1778.377 GC heap after
{Heap after GC invocations=86 (full 0):
 garbage-first heap   total 380928K, used 218151K [0x0000000080000000, 0x0000000100000000)
  region size 1024K, 9 young (9216K), 9 survivors (9216K)
 Metaspace       used 132339K, committed 133376K, reserved 1179648K
  class space    used 17523K, committed 18048K, reserved 1048576K
}

