# JRE version: OpenJDK Runtime Environment (17.0.11) (build 17.0.11+0--11852314)
# Java VM: OpenJDK 64-Bit Server VM (17.0.11+0--11852314, mixed mode, tiered, compressed oops, compressed class ptrs, g1 gc, windows-amd64)
GC Precious Log:
 CPUs: 4 total, 4 available
 Memory: 8077M
 Large Page Support: Disabled
 NUMA Support: Disabled
 Compressed Oops: Enabled (32-bit)
 Heap Region Size: 1M
 Heap Min Capacity: 8M
 Heap Initial Capacity: 128M
 Heap Max Capacity: 2G
 Pre-touch: Disabled
 Parallel Workers: 4
 Concurrent Workers: 1
 Concurrent Refinement Workers: 4
 Periodic GC: Disabled
Heap:
 garbage-first heap   total 358400K, used 193682K [0x0000000080000000, 0x0000000100000000)
  region size 1024K, 11 young (11264K), 3 survivors (3072K)
 Metaspace       used 183379K, committed 184384K, reserved 1245184K
  class space    used 23611K, committed 24128K, reserved 1048576K
GC Heap History (20 events):
Event: 98.460 GC heap before
{Heap before GC invocations=81 (full 0):
 garbage-first heap   total 254976K, used 229375K [0x0000000080000000, 0x0000000100000000)
  region size 1024K, 19 young (19456K), 2 survivors (2048K)
 Metaspace       used 177453K, committed 178496K, reserved 1245184K
  class space    used 22853K, committed 23360K, reserved 1048576K
}
Event: 98.466 GC heap after
{Heap after GC invocations=82 (full 0):
 garbage-first heap   total 254976K, used 209366K [0x0000000080000000, 0x0000000100000000)
  region size 1024K, 3 young (3072K), 3 survivors (3072K)
 Metaspace       used 177453K, committed 178496K, reserved 1245184K
  class space    used 22853K, committed 23360K, reserved 1048576K
}
Event: 98.954 GC heap before
{Heap before GC invocations=82 (full 0):
 garbage-first heap   total 254976K, used 222678K [0x0000000080000000, 0x0000000100000000)
  region size 1024K, 17 young (17408K), 3 survivors (3072K)
 Metaspace       used 179461K, committed 180416K, reserved 1245184K
  class space    used 23166K, committed 23616K, reserved 1048576K
}
Event: 98.961 GC heap after
{Heap after GC invocations=83 (full 0):
 garbage-first heap   total 254976K, used 210764K [0x0000000080000000, 0x0000000100000000)
  region size 1024K, 3 young (3072K), 3 survivors (3072K)
 Metaspace       used 179461K, committed 180416K, reserved 1245184K
  class space    used 23166K, committed 23616K, reserved 1048576K
}
Event: 99.700 GC heap before
{Heap before GC invocations=83 (full 0):
 garbage-first heap   total 254976K, used 224076K [0x0000000080000000, 0x0000000100000000)
  region size 1024K, 16 young (16384K), 3 survivors (3072K)
 Metaspace       used 181922K, committed 182848K, reserved 1245184K
  class space    used 23433K, committed 23872K, reserved 1048576K
}
Event: 99.709 GC heap after
{Heap after GC invocations=84 (full 0):
 garbage-first heap   total 254976K, used 212371K [0x0000000080000000, 0x0000000100000000)
  region size 1024K, 2 young (2048K), 2 survivors (2048K)
 Metaspace       used 181922K, committed 182848K, reserved 1245184K
  class space    used 23433K, committed 23872K, reserved 1048576K
}
Event: 99.905 GC heap before
{Heap before GC invocations=84 (full 0):
 garbage-first heap   total 254976K, used 224659K [0x0000000080000000, 0x0000000100000000)
  region size 1024K, 14 young (14336K), 2 survivors (2048K)
 Metaspace       used 182126K, committed 183040K, reserved 1245184K
  class space    used 23449K, committed 23872K, reserved 1048576K
}
Event: 99.916 GC heap after
{Heap after GC invocations=85 (full 0):
 garbage-first heap   total 254976K, used 215872K [0x0000000080000000, 0x0000000100000000)
  region size 1024K, 2 young (2048K), 2 survivors (2048K)
 Metaspace       used 182126K, committed 183040K, reserved 1245184K
  class space    used 23449K, committed 23872K, reserved 1048576K
}
Event: 99.982 GC heap before
{Heap before GC invocations=85 (full 0):
 garbage-first heap   total 254976K, used 226112K [0x0000000080000000, 0x0000000100000000)
  region size 1024K, 12 young (12288K), 2 survivors (2048K)
 Metaspace       used 182126K, committed 183040K, reserved 1245184K
  class space    used 23449K, committed 23872K, reserved 1048576K
}
Event: 99.989 GC heap after
{Heap after GC invocations=86 (full 0):
 garbage-first heap   total 254976K, used 217920K [0x0000000080000000, 0x0000000100000000)
  region size 1024K, 2 young (2048K), 2 survivors (2048K)
 Metaspace       used 182126K, committed 183040K, reserved 1245184K
  class space    used 23449K, committed 23872K, reserved 1048576K
}
Event: 100.083 GC heap before
{Heap before GC invocations=86 (full 0):
 garbage-first heap   total 254976K, used 228160K [0x0000000080000000, 0x0000000100000000)
  region size 1024K, 12 young (12288K), 2 survivors (2048K)
 Metaspace       used 182127K, committed 183040K, reserved 1245184K
  class space    used 23450K, committed 23872K, reserved 1048576K
}
Event: 100.088 GC heap after
{Heap after GC invocations=87 (full 0):
 garbage-first heap   total 254976K, used 218944K [0x0000000080000000, 0x0000000100000000)
  region size 1024K, 2 young (2048K), 2 survivors (2048K)
 Metaspace       used 182127K, committed 183040K, reserved 1245184K
  class space    used 23450K, committed 23872K, reserved 1048576K
}
Event: 100.216 GC heap before
{Heap before GC invocations=87 (full 0):
 garbage-first heap   total 254976K, used 229184K [0x0000000080000000, 0x0000000100000000)
  region size 1024K, 12 young (12288K), 2 survivors (2048K)
 Metaspace       used 182232K, committed 183232K, reserved 1245184K
  class space    used 23456K, committed 23936K, reserved 1048576K
}
Event: 100.222 GC heap after
{Heap after GC invocations=88 (full 0):
 garbage-first heap   total 254976K, used 219966K [0x0000000080000000, 0x0000000100000000)
  region size 1024K, 2 young (2048K), 2 survivors (2048K)
 Metaspace       used 182232K, committed 183232K, reserved 1245184K
  class space    used 23456K, committed 23936K, reserved 1048576K
}
Event: 101.062 GC heap before
{Heap before GC invocations=88 (full 0):
 garbage-first heap   total 254976K, used 230206K [0x0000000080000000, 0x0000000100000000)
  region size 1024K, 12 young (12288K), 2 survivors (2048K)
 Metaspace       used 182331K, committed 183296K, reserved 1245184K
  class space    used 23461K, committed 23936K, reserved 1048576K
}
Event: 101.069 GC heap after
{Heap after GC invocations=89 (full 0):
 garbage-first heap   total 254976K, used 220854K [0x0000000080000000, 0x0000000100000000)
  region size 1024K, 2 young (2048K), 2 survivors (2048K)
 Metaspace       used 182331K, committed 183296K, reserved 1245184K
  class space    used 23461K, committed 23936K, reserved 1048576K
}
Event: 102.604 GC heap before
{Heap before GC invocations=90 (full 0):
 garbage-first heap   total 358400K, used 224950K [0x0000000080000000, 0x0000000100000000)
  region size 1024K, 17 young (17408K), 2 survivors (2048K)
 Metaspace       used 182580K, committed 183552K, reserved 1245184K
  class space    used 23506K, committed 24000K, reserved 1048576K
}
Event: 102.611 GC heap after
{Heap after GC invocations=91 (full 0):
 garbage-first heap   total 358400K, used 211729K [0x0000000080000000, 0x0000000100000000)
  region size 1024K, 3 young (3072K), 3 survivors (3072K)
 Metaspace       used 182580K, committed 183552K, reserved 1245184K
  class space    used 23506K, committed 24000K, reserved 1048576K
}
Event: 103.205 GC heap before
{Heap before GC invocations=91 (full 0):
 garbage-first heap   total 358400K, used 226065K [0x0000000080000000, 0x0000000100000000)
  region size 1024K, 17 young (17408K), 3 survivors (3072K)
 Metaspace       used 182940K, committed 183936K, reserved 1245184K
  class space    used 23552K, committed 24064K, reserved 1048576K
}
Event: 103.222 GC heap after
{Heap after GC invocations=92 (full 0):
 garbage-first heap   total 358400K, used 186514K [0x0000000080000000, 0x0000000100000000)
  region size 1024K, 3 young (3072K), 3 survivors (3072K)
 Metaspace       used 182940K, committed 183936K, reserved 1245184K
  class space    used 23552K, committed 24064K, reserved 1048576K
}

