# JRE version: OpenJDK Runtime Environment (17.0.11) (build 17.0.11+0--11852314)
# Java VM: OpenJDK 64-Bit Server VM (17.0.11+0--11852314, mixed mode, tiered, compressed oops, compressed class ptrs, g1 gc, windows-amd64)
GC Precious Log:
 CPUs: 4 total, 4 available
 Memory: 8077M
 Large Page Support: Disabled
 NUMA Support: Disabled
 Compressed Oops: Enabled (32-bit)
 Heap Region Size: 1M
 Heap Min Capacity: 8M
 Heap Initial Capacity: 128M
 Heap Max Capacity: 2G
 Pre-touch: Disabled
 Parallel Workers: 4
 Concurrent Workers: 1
 Concurrent Refinement Workers: 4
 Periodic GC: Disabled
Heap:
 garbage-first heap   total 186368K, used 133251K [0x0000000080000000, 0x0000000100000000)
  region size 1024K, 51 young (52224K), 10 survivors (10240K)
 Metaspace       used 97778K, committed 98496K, reserved 1179648K
  class space    used 13457K, committed 13824K, reserved 1048576K
GC Heap History (20 events):
Event: 16.877 GC heap before
{Heap before GC invocations=24 (full 0):
 garbage-first heap   total 130048K, used 101449K [0x0000000080000000, 0x0000000100000000)
  region size 1024K, 43 young (44032K), 3 survivors (3072K)
 Metaspace       used 73332K, committed 73920K, reserved 1114112K
  class space    used 9972K, committed 10240K, reserved 1048576K
}
Event: 16.883 GC heap after
{Heap after GC invocations=25 (full 0):
 garbage-first heap   total 130048K, used 62099K [0x0000000080000000, 0x0000000100000000)
  region size 1024K, 5 young (5120K), 5 survivors (5120K)
 Metaspace       used 73332K, committed 73920K, reserved 1114112K
  class space    used 9972K, committed 10240K, reserved 1048576K
}
Event: 17.625 GC heap before
{Heap before GC invocations=25 (full 0):
 garbage-first heap   total 130048K, used 103059K [0x0000000080000000, 0x0000000100000000)
  region size 1024K, 45 young (46080K), 5 survivors (5120K)
 Metaspace       used 76040K, committed 76672K, reserved 1179648K
  class space    used 10316K, committed 10624K, reserved 1048576K
}
Event: 17.634 GC heap after
{Heap after GC invocations=26 (full 0):
 garbage-first heap   total 130048K, used 65624K [0x0000000080000000, 0x0000000100000000)
  region size 1024K, 6 young (6144K), 6 survivors (6144K)
 Metaspace       used 76040K, committed 76672K, reserved 1179648K
  class space    used 10316K, committed 10624K, reserved 1048576K
}
Event: 17.994 GC heap before
{Heap before GC invocations=26 (full 0):
 garbage-first heap   total 130048K, used 89176K [0x0000000080000000, 0x0000000100000000)
  region size 1024K, 30 young (30720K), 6 survivors (6144K)
 Metaspace       used 77766K, committed 78336K, reserved 1179648K
  class space    used 10562K, committed 10880K, reserved 1048576K
}
Event: 18.002 GC heap after
{Heap after GC invocations=27 (full 0):
 garbage-first heap   total 130048K, used 67172K [0x0000000080000000, 0x0000000100000000)
  region size 1024K, 2 young (2048K), 2 survivors (2048K)
 Metaspace       used 77766K, committed 78336K, reserved 1179648K
  class space    used 10562K, committed 10880K, reserved 1048576K
}
Event: 18.862 GC heap before
{Heap before GC invocations=28 (full 0):
 garbage-first heap   total 130048K, used 106084K [0x0000000080000000, 0x0000000100000000)
  region size 1024K, 39 young (39936K), 2 survivors (2048K)
 Metaspace       used 80411K, committed 81024K, reserved 1179648K
  class space    used 11084K, committed 11392K, reserved 1048576K
}
Event: 18.867 GC heap after
{Heap after GC invocations=29 (full 0):
 garbage-first heap   total 130048K, used 67120K [0x0000000080000000, 0x0000000100000000)
  region size 1024K, 2 young (2048K), 2 survivors (2048K)
 Metaspace       used 80411K, committed 81024K, reserved 1179648K
  class space    used 11084K, committed 11392K, reserved 1048576K
}
Event: 18.959 GC heap before
{Heap before GC invocations=29 (full 0):
 garbage-first heap   total 130048K, used 71216K [0x0000000080000000, 0x0000000100000000)
  region size 1024K, 6 young (6144K), 2 survivors (2048K)
 Metaspace       used 80658K, committed 81280K, reserved 1179648K
  class space    used 11145K, committed 11456K, reserved 1048576K
}
Event: 18.964 GC heap after
{Heap after GC invocations=30 (full 0):
 garbage-first heap   total 130048K, used 66796K [0x0000000080000000, 0x0000000100000000)
  region size 1024K, 1 young (1024K), 1 survivors (1024K)
 Metaspace       used 80658K, committed 81280K, reserved 1179648K
  class space    used 11145K, committed 11456K, reserved 1048576K
}
Event: 19.697 GC heap before
{Heap before GC invocations=30 (full 0):
 garbage-first heap   total 130048K, used 106732K [0x0000000080000000, 0x0000000100000000)
  region size 1024K, 40 young (40960K), 1 survivors (1024K)
 Metaspace       used 83544K, committed 84224K, reserved 1179648K
  class space    used 11591K, committed 11904K, reserved 1048576K
}
Event: 19.702 GC heap after
{Heap after GC invocations=31 (full 0):
 garbage-first heap   total 186368K, used 68417K [0x0000000080000000, 0x0000000100000000)
  region size 1024K, 3 young (3072K), 3 survivors (3072K)
 Metaspace       used 83544K, committed 84224K, reserved 1179648K
  class space    used 11591K, committed 11904K, reserved 1048576K
}
Event: 21.550 GC heap before
{Heap before GC invocations=32 (full 0):
 garbage-first heap   total 186368K, used 151361K [0x0000000080000000, 0x0000000100000000)
  region size 1024K, 84 young (86016K), 3 survivors (3072K)
 Metaspace       used 90724K, committed 91392K, reserved 1179648K
  class space    used 12618K, committed 12928K, reserved 1048576K
}
Event: 21.562 GC heap after
{Heap after GC invocations=33 (full 0):
 garbage-first heap   total 186368K, used 73020K [0x0000000080000000, 0x0000000100000000)
  region size 1024K, 7 young (7168K), 7 survivors (7168K)
 Metaspace       used 90724K, committed 91392K, reserved 1179648K
  class space    used 12618K, committed 12928K, reserved 1048576K
}
Event: 21.599 GC heap before
{Heap before GC invocations=33 (full 0):
 garbage-first heap   total 186368K, used 75068K [0x0000000080000000, 0x0000000100000000)
  region size 1024K, 9 young (9216K), 7 survivors (7168K)
 Metaspace       used 90825K, committed 91584K, reserved 1179648K
  class space    used 12629K, committed 12992K, reserved 1048576K
}
Event: 21.609 GC heap after
{Heap after GC invocations=34 (full 0):
 garbage-first heap   total 186368K, used 73291K [0x0000000080000000, 0x0000000100000000)
  region size 1024K, 1 young (1024K), 1 survivors (1024K)
 Metaspace       used 90825K, committed 91584K, reserved 1179648K
  class space    used 12629K, committed 12992K, reserved 1048576K
}
Event: 23.296 GC heap before
{Heap before GC invocations=34 (full 0):
 garbage-first heap   total 186368K, used 153163K [0x0000000080000000, 0x0000000100000000)
  region size 1024K, 75 young (76800K), 1 survivors (1024K)
 Metaspace       used 94904K, committed 95616K, reserved 1179648K
  class space    used 13195K, committed 13504K, reserved 1048576K
}
Event: 23.310 GC heap after
{Heap after GC invocations=35 (full 0):
 garbage-first heap   total 186368K, used 78692K [0x0000000080000000, 0x0000000100000000)
  region size 1024K, 7 young (7168K), 7 survivors (7168K)
 Metaspace       used 94904K, committed 95616K, reserved 1179648K
  class space    used 13195K, committed 13504K, reserved 1048576K
}
Event: 26.599 GC heap before
{Heap before GC invocations=35 (full 0):
 garbage-first heap   total 186368K, used 157540K [0x0000000080000000, 0x0000000100000000)
  region size 1024K, 76 young (77824K), 7 survivors (7168K)
 Metaspace       used 97288K, committed 98112K, reserved 1179648K
  class space    used 13423K, committed 13824K, reserved 1048576K
}
Event: 26.620 GC heap after
{Heap after GC invocations=36 (full 0):
 garbage-first heap   total 186368K, used 92291K [0x0000000080000000, 0x0000000100000000)
  region size 1024K, 10 young (10240K), 10 survivors (10240K)
 Metaspace       used 97288K, committed 98112K, reserved 1179648K
  class space    used 13423K, committed 13824K, reserved 1048576K
}

