# JRE version: OpenJDK Runtime Environment (17.0.11) (build 17.0.11+0--11852314)
# Java VM: OpenJDK 64-Bit Server VM (17.0.11+0--11852314, mixed mode, tiered, compressed oops, compressed class ptrs, g1 gc, windows-amd64)
GC Precious Log:
 CPUs: 4 total, 4 available
 Memory: 8077M
 Large Page Support: Disabled
 NUMA Support: Disabled
 Compressed Oops: Enabled (32-bit)
 Heap Region Size: 1M
 Heap Min Capacity: 8M
 Heap Initial Capacity: 128M
 Heap Max Capacity: 2G
 Pre-touch: Disabled
 Parallel Workers: 4
 Concurrent Workers: 1
 Concurrent Refinement Workers: 4
 Periodic GC: Disabled
Heap:
 garbage-first heap   total 348160K, used 287830K [0x0000000080000000, 0x0000000100000000)
  region size 1024K, 30 young (30720K), 5 survivors (5120K)
 Metaspace       used 189776K, committed 191040K, reserved 1245184K
  class space    used 24194K, committed 24832K, reserved 1048576K
GC Heap History (20 events):
Event: 47.486 GC heap before
{Heap before GC invocations=66 (full 0):
 garbage-first heap   total 348160K, used 294238K [0x0000000080000000, 0x0000000100000000)
  region size 1024K, 99 young (101376K), 9 survivors (9216K)
 Metaspace       used 177955K, committed 178944K, reserved 1245184K
  class space    used 22922K, committed 23360K, reserved 1048576K
}
Event: 47.499 GC heap after
{Heap after GC invocations=67 (full 0):
 garbage-first heap   total 348160K, used 204651K [0x0000000080000000, 0x0000000100000000)
  region size 1024K, 8 young (8192K), 8 survivors (8192K)
 Metaspace       used 177955K, committed 178944K, reserved 1245184K
  class space    used 22922K, committed 23360K, reserved 1048576K
}
Event: 48.267 GC heap before
{Heap before GC invocations=67 (full 0):
 garbage-first heap   total 348160K, used 294763K [0x0000000080000000, 0x0000000100000000)
  region size 1024K, 96 young (98304K), 8 survivors (8192K)
 Metaspace       used 177955K, committed 178944K, reserved 1245184K
  class space    used 22922K, committed 23360K, reserved 1048576K
}
Event: 48.279 GC heap after
{Heap after GC invocations=68 (full 0):
 garbage-first heap   total 348160K, used 208138K [0x0000000080000000, 0x0000000100000000)
  region size 1024K, 9 young (9216K), 9 survivors (9216K)
 Metaspace       used 177955K, committed 178944K, reserved 1245184K
  class space    used 22922K, committed 23360K, reserved 1048576K
}
Event: 49.141 GC heap before
{Heap before GC invocations=68 (full 0):
 garbage-first heap   total 348160K, used 295178K [0x0000000080000000, 0x0000000100000000)
  region size 1024K, 94 young (96256K), 9 survivors (9216K)
 Metaspace       used 177955K, committed 178944K, reserved 1245184K
  class space    used 22922K, committed 23360K, reserved 1048576K
}
Event: 49.154 GC heap after
{Heap after GC invocations=69 (full 0):
 garbage-first heap   total 348160K, used 211390K [0x0000000080000000, 0x0000000100000000)
  region size 1024K, 9 young (9216K), 9 survivors (9216K)
 Metaspace       used 177955K, committed 178944K, reserved 1245184K
  class space    used 22922K, committed 23360K, reserved 1048576K
}
Event: 1043.030 GC heap before
{Heap before GC invocations=69 (full 0):
 garbage-first heap   total 348160K, used 295358K [0x0000000080000000, 0x0000000100000000)
  region size 1024K, 92 young (94208K), 9 survivors (9216K)
 Metaspace       used 179681K, committed 180800K, reserved 1245184K
  class space    used 23172K, committed 23680K, reserved 1048576K
}
Event: 1043.044 GC heap after
{Heap after GC invocations=70 (full 0):
 garbage-first heap   total 348160K, used 213770K [0x0000000080000000, 0x0000000100000000)
  region size 1024K, 8 young (8192K), 8 survivors (8192K)
 Metaspace       used 179681K, committed 180800K, reserved 1245184K
  class space    used 23172K, committed 23680K, reserved 1048576K
}
Event: 1050.036 GC heap before
{Heap before GC invocations=70 (full 0):
 garbage-first heap   total 348160K, used 296714K [0x0000000080000000, 0x0000000100000000)
  region size 1024K, 88 young (90112K), 8 survivors (8192K)
 Metaspace       used 187116K, committed 188288K, reserved 1245184K
  class space    used 23995K, committed 24576K, reserved 1048576K
}
Event: 1050.065 GC heap after
{Heap after GC invocations=71 (full 0):
 garbage-first heap   total 348160K, used 220175K [0x0000000080000000, 0x0000000100000000)
  region size 1024K, 11 young (11264K), 11 survivors (11264K)
 Metaspace       used 187116K, committed 188288K, reserved 1245184K
  class space    used 23995K, committed 24576K, reserved 1048576K
}
Event: 1052.423 GC heap before
{Heap before GC invocations=71 (full 0):
 garbage-first heap   total 348160K, used 293903K [0x0000000080000000, 0x0000000100000000)
  region size 1024K, 84 young (86016K), 11 survivors (11264K)
 Metaspace       used 188790K, committed 190016K, reserved 1245184K
  class space    used 24169K, committed 24768K, reserved 1048576K
}
Event: 1052.449 GC heap after
{Heap after GC invocations=72 (full 0):
 garbage-first heap   total 348160K, used 227995K [0x0000000080000000, 0x0000000100000000)
  region size 1024K, 8 young (8192K), 8 survivors (8192K)
 Metaspace       used 188790K, committed 190016K, reserved 1245184K
  class space    used 24169K, committed 24768K, reserved 1048576K
}
Event: 1812.834 GC heap before
{Heap before GC invocations=72 (full 0):
 garbage-first heap   total 348160K, used 300699K [0x0000000080000000, 0x0000000100000000)
  region size 1024K, 73 young (74752K), 8 survivors (8192K)
 Metaspace       used 189051K, committed 190272K, reserved 1245184K
  class space    used 24186K, committed 24768K, reserved 1048576K
}
Event: 1812.858 GC heap after
{Heap after GC invocations=73 (full 0):
 garbage-first heap   total 348160K, used 242601K [0x0000000080000000, 0x0000000100000000)
  region size 1024K, 8 young (8192K), 8 survivors (8192K)
 Metaspace       used 189051K, committed 190272K, reserved 1245184K
  class space    used 24186K, committed 24768K, reserved 1048576K
}
Event: 1813.524 GC heap before
{Heap before GC invocations=73 (full 0):
 garbage-first heap   total 348160K, used 304041K [0x0000000080000000, 0x0000000100000000)
  region size 1024K, 61 young (62464K), 8 survivors (8192K)
 Metaspace       used 189136K, committed 190400K, reserved 1245184K
  class space    used 24187K, committed 24768K, reserved 1048576K
}
Event: 1813.544 GC heap after
{Heap after GC invocations=74 (full 0):
 garbage-first heap   total 348160K, used 250985K [0x0000000080000000, 0x0000000100000000)
  region size 1024K, 8 young (8192K), 8 survivors (8192K)
 Metaspace       used 189136K, committed 190400K, reserved 1245184K
  class space    used 24187K, committed 24768K, reserved 1048576K
}
Event: 1816.131 GC heap before
{Heap before GC invocations=74 (full 0):
 garbage-first heap   total 348160K, used 296041K [0x0000000080000000, 0x0000000100000000)
  region size 1024K, 52 young (53248K), 8 survivors (8192K)
 Metaspace       used 189539K, committed 190848K, reserved 1245184K
  class space    used 24194K, committed 24832K, reserved 1048576K
}
Event: 1816.150 GC heap after
{Heap after GC invocations=75 (full 0):
 garbage-first heap   total 348160K, used 258186K [0x0000000080000000, 0x0000000100000000)
  region size 1024K, 7 young (7168K), 7 survivors (7168K)
 Metaspace       used 189539K, committed 190848K, reserved 1245184K
  class space    used 24194K, committed 24832K, reserved 1048576K
}
Event: 1816.535 GC heap before
{Heap before GC invocations=75 (full 0):
 garbage-first heap   total 348160K, used 299146K [0x0000000080000000, 0x0000000100000000)
  region size 1024K, 46 young (47104K), 7 survivors (7168K)
 Metaspace       used 189638K, committed 190912K, reserved 1245184K
  class space    used 24194K, committed 24832K, reserved 1048576K
}
Event: 1816.551 GC heap after
{Heap after GC invocations=76 (full 0):
 garbage-first heap   total 348160K, used 263254K [0x0000000080000000, 0x0000000100000000)
  region size 1024K, 5 young (5120K), 5 survivors (5120K)
 Metaspace       used 189638K, committed 190912K, reserved 1245184K
  class space    used 24194K, committed 24832K, reserved 1048576K
}

