# JRE version: OpenJDK Runtime Environment (17.0.11) (build 17.0.11+0--11852314)
# Java VM: OpenJDK 64-Bit Server VM (17.0.11+0--11852314, mixed mode, tiered, compressed oops, compressed class ptrs, g1 gc, windows-amd64)
GC Precious Log:
 CPUs: 4 total, 4 available
 Memory: 8077M
 Large Page Support: Disabled
 NUMA Support: Disabled
 Compressed Oops: Enabled (32-bit)
 Heap Region Size: 1M
 Heap Min Capacity: 8M
 Heap Initial Capacity: 128M
 Heap Max Capacity: 2G
 Pre-touch: Disabled
 Parallel Workers: 4
 Concurrent Workers: 1
 Concurrent Refinement Workers: 4
 Periodic GC: Disabled
Heap:
 garbage-first heap   total 420864K, used 273539K [0x0000000080000000, 0x0000000100000000)
  region size 1024K, 40 young (40960K), 8 survivors (8192K)
 Metaspace       used 193811K, committed 195072K, reserved 1245184K
  class space    used 24766K, committed 25344K, reserved 1048576K
GC Heap History (20 events):
Event: 49.509 GC heap before
{Heap before GC invocations=69 (full 0):
 garbage-first heap   total 382976K, used 227456K [0x0000000080000000, 0x0000000100000000)
  region size 1024K, 44 young (45056K), 8 survivors (8192K)
 Metaspace       used 173758K, committed 174784K, reserved 1245184K
  class space    used 22552K, committed 23040K, reserved 1048576K
}
Event: 49.522 GC heap after
{Heap after GC invocations=70 (full 0):
 garbage-first heap   total 382976K, used 194276K [0x0000000080000000, 0x0000000100000000)
  region size 1024K, 10 young (10240K), 10 survivors (10240K)
 Metaspace       used 173758K, committed 174784K, reserved 1245184K
  class space    used 22552K, committed 23040K, reserved 1048576K
}
Event: 51.965 GC heap before
{Heap before GC invocations=71 (full 0):
 garbage-first heap   total 382976K, used 327396K [0x0000000080000000, 0x0000000100000000)
  region size 1024K, 135 young (138240K), 10 survivors (10240K)
 Metaspace       used 178329K, committed 179392K, reserved 1245184K
  class space    used 22993K, committed 23488K, reserved 1048576K
}
Event: 51.992 GC heap after
{Heap after GC invocations=72 (full 0):
 garbage-first heap   total 382976K, used 201711K [0x0000000080000000, 0x0000000100000000)
  region size 1024K, 12 young (12288K), 12 survivors (12288K)
 Metaspace       used 178329K, committed 179392K, reserved 1245184K
  class space    used 22993K, committed 23488K, reserved 1048576K
}
Event: 52.294 GC heap before
{Heap before GC invocations=72 (full 0):
 garbage-first heap   total 382976K, used 207855K [0x0000000080000000, 0x0000000100000000)
  region size 1024K, 18 young (18432K), 12 survivors (12288K)
 Metaspace       used 178500K, committed 179584K, reserved 1245184K
  class space    used 23027K, committed 23552K, reserved 1048576K
}
Event: 52.318 GC heap after
{Heap after GC invocations=73 (full 0):
 garbage-first heap   total 382976K, used 200542K [0x0000000080000000, 0x0000000100000000)
  region size 1024K, 2 young (2048K), 2 survivors (2048K)
 Metaspace       used 178500K, committed 179584K, reserved 1245184K
  class space    used 23027K, committed 23552K, reserved 1048576K
}
Event: 1215.250 GC heap before
{Heap before GC invocations=73 (full 0):
 garbage-first heap   total 382976K, used 318301K [0x0000000080000000, 0x0000000100000000)
  region size 1024K, 118 young (120832K), 2 survivors (2048K)
 Metaspace       used 181427K, committed 182528K, reserved 1245184K
  class space    used 23406K, committed 23936K, reserved 1048576K
}
Event: 1215.289 GC heap after
{Heap after GC invocations=74 (full 0):
 garbage-first heap   total 382976K, used 206582K [0x0000000080000000, 0x0000000100000000)
  region size 1024K, 8 young (8192K), 8 survivors (8192K)
 Metaspace       used 181427K, committed 182528K, reserved 1245184K
  class space    used 23406K, committed 23936K, reserved 1048576K
}
Event: 1218.177 GC heap before
{Heap before GC invocations=74 (full 0):
 garbage-first heap   total 382976K, used 289526K [0x0000000080000000, 0x0000000100000000)
  region size 1024K, 91 young (93184K), 8 survivors (8192K)
 Metaspace       used 185009K, committed 186240K, reserved 1245184K
  class space    used 23875K, committed 24448K, reserved 1048576K
}
Event: 1218.218 GC heap after
{Heap after GC invocations=75 (full 0):
 garbage-first heap   total 382976K, used 220290K [0x0000000080000000, 0x0000000100000000)
  region size 1024K, 15 young (15360K), 15 survivors (15360K)
 Metaspace       used 185009K, committed 186240K, reserved 1245184K
  class space    used 23875K, committed 24448K, reserved 1048576K
}
Event: 1221.995 GC heap before
{Heap before GC invocations=76 (full 0):
 garbage-first heap   total 409600K, used 349314K [0x0000000080000000, 0x0000000100000000)
  region size 1024K, 107 young (109568K), 15 survivors (15360K)
 Metaspace       used 186016K, committed 187264K, reserved 1245184K
  class space    used 23951K, committed 24576K, reserved 1048576K
}
Event: 1222.056 GC heap after
{Heap after GC invocations=77 (full 0):
 garbage-first heap   total 409600K, used 243406K [0x0000000080000000, 0x0000000100000000)
  region size 1024K, 14 young (14336K), 14 survivors (14336K)
 Metaspace       used 186016K, committed 187264K, reserved 1245184K
  class space    used 23951K, committed 24576K, reserved 1048576K
}
Event: 1222.088 GC heap before
{Heap before GC invocations=77 (full 0):
 garbage-first heap   total 409600K, used 248526K [0x0000000080000000, 0x0000000100000000)
  region size 1024K, 20 young (20480K), 14 survivors (14336K)
 Metaspace       used 186017K, committed 187264K, reserved 1245184K
  class space    used 23951K, committed 24576K, reserved 1048576K
}
Event: 1222.118 GC heap after
{Heap after GC invocations=78 (full 0):
 garbage-first heap   total 409600K, used 243712K [0x0000000080000000, 0x0000000100000000)
  region size 1024K, 2 young (2048K), 2 survivors (2048K)
 Metaspace       used 186017K, committed 187264K, reserved 1245184K
  class space    used 23951K, committed 24576K, reserved 1048576K
}
Event: 1223.334 GC heap before
{Heap before GC invocations=78 (full 0):
 garbage-first heap   total 409600K, used 330752K [0x0000000080000000, 0x0000000100000000)
  region size 1024K, 88 young (90112K), 2 survivors (2048K)
 Metaspace       used 189470K, committed 190656K, reserved 1245184K
  class space    used 24257K, committed 24832K, reserved 1048576K
}
Event: 1223.349 GC heap after
{Heap after GC invocations=79 (full 0):
 garbage-first heap   total 409600K, used 254976K [0x0000000080000000, 0x0000000100000000)
  region size 1024K, 11 young (11264K), 11 survivors (11264K)
 Metaspace       used 189470K, committed 190656K, reserved 1245184K
  class space    used 24257K, committed 24832K, reserved 1048576K
}
Event: 1224.701 GC heap before
{Heap before GC invocations=79 (full 0):
 garbage-first heap   total 409600K, used 336896K [0x0000000080000000, 0x0000000100000000)
  region size 1024K, 92 young (94208K), 11 survivors (11264K)
 Metaspace       used 190457K, committed 191744K, reserved 1245184K
  class space    used 24340K, committed 24960K, reserved 1048576K
}
Event: 1224.709 GC heap after
{Heap after GC invocations=80 (full 0):
 garbage-first heap   total 409600K, used 250314K [0x0000000080000000, 0x0000000100000000)
  region size 1024K, 2 young (2048K), 2 survivors (2048K)
 Metaspace       used 190457K, committed 191744K, reserved 1245184K
  class space    used 24340K, committed 24960K, reserved 1048576K
}
Event: 1226.737 GC heap before
{Heap before GC invocations=80 (full 0):
 garbage-first heap   total 409600K, used 338378K [0x0000000080000000, 0x0000000100000000)
  region size 1024K, 89 young (91136K), 2 survivors (2048K)
 Metaspace       used 193461K, committed 194624K, reserved 1245184K
  class space    used 24726K, committed 25280K, reserved 1048576K
}
Event: 1226.752 GC heap after
{Heap after GC invocations=81 (full 0):
 garbage-first heap   total 409600K, used 256131K [0x0000000080000000, 0x0000000100000000)
  region size 1024K, 8 young (8192K), 8 survivors (8192K)
 Metaspace       used 193461K, committed 194624K, reserved 1245184K
  class space    used 24726K, committed 25280K, reserved 1048576K
}

