# JRE version: OpenJDK Runtime Environment (17.0.11) (build 17.0.11+0--11852314)
# Java VM: OpenJDK 64-Bit Server VM (17.0.11+0--11852314, mixed mode, tiered, compressed oops, compressed class ptrs, g1 gc, windows-amd64)
GC Precious Log:
 CPUs: 4 total, 4 available
 Memory: 8077M
 Large Page Support: Disabled
 NUMA Support: Disabled
 Compressed Oops: Enabled (32-bit)
 Heap Region Size: 1M
 Heap Min Capacity: 8M
 Heap Initial Capacity: 128M
 Heap Max Capacity: 2G
 Pre-touch: Disabled
 Parallel Workers: 4
 Concurrent Workers: 1
 Concurrent Refinement Workers: 4
 Periodic GC: Disabled
Heap:
 garbage-first heap   total 153600K, used 96734K [0x0000000080000000, 0x0000000100000000)
  region size 1024K, 6 young (6144K), 6 survivors (6144K)
 Metaspace       used 96802K, committed 97536K, reserved 1179648K
  class space    used 13401K, committed 13760K, reserved 1048576K
GC Heap History (20 events):
Event: 14.532 GC heap after
{Heap after GC invocations=39 (full 0):
 garbage-first heap   total 122880K, used 66284K [0x0000000080000000, 0x0000000100000000)
  region size 1024K, 1 young (1024K), 1 survivors (1024K)
 Metaspace       used 77508K, committed 78080K, reserved 1179648K
  class space    used 10542K, committed 10816K, reserved 1048576K
}
Event: 14.554 GC heap before
{Heap before GC invocations=39 (full 0):
 garbage-first heap   total 122880K, used 68332K [0x0000000080000000, 0x0000000100000000)
  region size 1024K, 4 young (4096K), 1 survivors (1024K)
 Metaspace       used 77631K, committed 78208K, reserved 1179648K
  class space    used 10555K, committed 10816K, reserved 1048576K
}
Event: 14.555 GC heap after
{Heap after GC invocations=40 (full 0):
 garbage-first heap   total 147456K, used 66574K [0x0000000080000000, 0x0000000100000000)
  region size 1024K, 1 young (1024K), 1 survivors (1024K)
 Metaspace       used 77631K, committed 78208K, reserved 1179648K
  class space    used 10555K, committed 10816K, reserved 1048576K
}
Event: 15.570 GC heap before
{Heap before GC invocations=41 (full 0):
 garbage-first heap   total 147456K, used 116750K [0x0000000080000000, 0x0000000100000000)
  region size 1024K, 49 young (50176K), 1 survivors (1024K)
 Metaspace       used 81166K, committed 81728K, reserved 1179648K
  class space    used 11233K, committed 11520K, reserved 1048576K
}
Event: 15.574 GC heap after
{Heap after GC invocations=42 (full 0):
 garbage-first heap   total 147456K, used 67674K [0x0000000080000000, 0x0000000100000000)
  region size 1024K, 2 young (2048K), 2 survivors (2048K)
 Metaspace       used 81166K, committed 81728K, reserved 1179648K
  class space    used 11233K, committed 11520K, reserved 1048576K
}
Event: 15.667 GC heap before
{Heap before GC invocations=42 (full 0):
 garbage-first heap   total 147456K, used 71770K [0x0000000080000000, 0x0000000100000000)
  region size 1024K, 7 young (7168K), 2 survivors (2048K)
 Metaspace       used 81538K, committed 82176K, reserved 1179648K
  class space    used 11300K, committed 11584K, reserved 1048576K
}
Event: 15.671 GC heap after
{Heap after GC invocations=43 (full 0):
 garbage-first heap   total 147456K, used 67105K [0x0000000080000000, 0x0000000100000000)
  region size 1024K, 1 young (1024K), 1 survivors (1024K)
 Metaspace       used 81538K, committed 82176K, reserved 1179648K
  class space    used 11300K, committed 11584K, reserved 1048576K
}
Event: 16.725 GC heap before
{Heap before GC invocations=43 (full 0):
 garbage-first heap   total 147456K, used 117281K [0x0000000080000000, 0x0000000100000000)
  region size 1024K, 50 young (51200K), 1 survivors (1024K)
 Metaspace       used 85424K, committed 86080K, reserved 1179648K
  class space    used 11844K, committed 12160K, reserved 1048576K
}
Event: 16.732 GC heap after
{Heap after GC invocations=44 (full 0):
 garbage-first heap   total 147456K, used 69863K [0x0000000080000000, 0x0000000100000000)
  region size 1024K, 4 young (4096K), 4 survivors (4096K)
 Metaspace       used 85424K, committed 86080K, reserved 1179648K
  class space    used 11844K, committed 12160K, reserved 1048576K
}
Event: 17.731 GC heap before
{Heap before GC invocations=45 (full 0):
 garbage-first heap   total 147456K, used 119015K [0x0000000080000000, 0x0000000100000000)
  region size 1024K, 52 young (53248K), 4 survivors (4096K)
 Metaspace       used 90079K, committed 90752K, reserved 1179648K
  class space    used 12531K, committed 12864K, reserved 1048576K
}
Event: 17.739 GC heap after
{Heap after GC invocations=46 (full 0):
 garbage-first heap   total 147456K, used 72132K [0x0000000080000000, 0x0000000100000000)
  region size 1024K, 6 young (6144K), 6 survivors (6144K)
 Metaspace       used 90079K, committed 90752K, reserved 1179648K
  class space    used 12531K, committed 12864K, reserved 1048576K
}
Event: 17.762 GC heap before
{Heap before GC invocations=46 (full 0):
 garbage-first heap   total 147456K, used 73156K [0x0000000080000000, 0x0000000100000000)
  region size 1024K, 7 young (7168K), 6 survivors (6144K)
 Metaspace       used 90156K, committed 90816K, reserved 1179648K
  class space    used 12543K, committed 12864K, reserved 1048576K
}
Event: 17.771 GC heap after
{Heap after GC invocations=47 (full 0):
 garbage-first heap   total 147456K, used 72123K [0x0000000080000000, 0x0000000100000000)
  region size 1024K, 1 young (1024K), 1 survivors (1024K)
 Metaspace       used 90156K, committed 90816K, reserved 1179648K
  class space    used 12543K, committed 12864K, reserved 1048576K
}
Event: 19.260 GC heap before
{Heap before GC invocations=47 (full 0):
 garbage-first heap   total 147456K, used 121275K [0x0000000080000000, 0x0000000100000000)
  region size 1024K, 49 young (50176K), 1 survivors (1024K)
 Metaspace       used 93639K, committed 94336K, reserved 1179648K
  class space    used 13099K, committed 13440K, reserved 1048576K
}
Event: 19.269 GC heap after
{Heap after GC invocations=48 (full 0):
 garbage-first heap   total 147456K, used 75887K [0x0000000080000000, 0x0000000100000000)
  region size 1024K, 5 young (5120K), 5 survivors (5120K)
 Metaspace       used 93639K, committed 94336K, reserved 1179648K
  class space    used 13099K, committed 13440K, reserved 1048576K
}
Event: 20.009 GC heap before
{Heap before GC invocations=49 (full 0):
 garbage-first heap   total 153600K, used 119919K [0x0000000080000000, 0x0000000100000000)
  region size 1024K, 49 young (50176K), 5 survivors (5120K)
 Metaspace       used 93731K, committed 94400K, reserved 1179648K
  class space    used 13107K, committed 13440K, reserved 1048576K
}
Event: 20.019 GC heap after
{Heap after GC invocations=50 (full 0):
 garbage-first heap   total 153600K, used 78760K [0x0000000080000000, 0x0000000100000000)
  region size 1024K, 4 young (4096K), 4 survivors (4096K)
 Metaspace       used 93731K, committed 94400K, reserved 1179648K
  class space    used 13107K, committed 13440K, reserved 1048576K
}
Event: 20.092 GC heap before
{Heap before GC invocations=50 (full 0):
 garbage-first heap   total 153600K, used 80808K [0x0000000080000000, 0x0000000100000000)
  region size 1024K, 7 young (7168K), 4 survivors (4096K)
 Metaspace       used 93755K, committed 94400K, reserved 1179648K
  class space    used 13107K, committed 13440K, reserved 1048576K
}
Event: 20.100 GC heap after
{Heap after GC invocations=51 (full 0):
 garbage-first heap   total 153600K, used 78292K [0x0000000080000000, 0x0000000100000000)
  region size 1024K, 1 young (1024K), 1 survivors (1024K)
 Metaspace       used 93755K, committed 94400K, reserved 1179648K
  class space    used 13107K, committed 13440K, reserved 1048576K
}
Event: 21.361 GC heap before
{Heap before GC invocations=51 (full 0):
 garbage-first heap   total 153600K, used 132564K [0x0000000080000000, 0x0000000100000000)
  region size 1024K, 48 young (49152K), 1 survivors (1024K)
 Metaspace       used 96802K, committed 97536K, reserved 1179648K
  class space    used 13401K, committed 13760K, reserved 1048576K
}

