# JRE version: OpenJDK Runtime Environment (17.0.11) (build 17.0.11+0--11852314)
# Java VM: OpenJDK 64-Bit Server VM (17.0.11+0--11852314, mixed mode, tiered, compressed oops, compressed class ptrs, g1 gc, windows-amd64)
GC Precious Log:
 CPUs: 4 total, 4 available
 Memory: 8077M
 Large Page Support: Disabled
 NUMA Support: Disabled
 Compressed Oops: Enabled (32-bit)
 Heap Region Size: 1M
 Heap Min Capacity: 8M
 Heap Initial Capacity: 128M
 Heap Max Capacity: 2G
 Pre-touch: Disabled
 Parallel Workers: 4
 Concurrent Workers: 1
 Concurrent Refinement Workers: 4
 Periodic GC: Disabled
Heap:
 garbage-first heap   total 124928K, used 68818K [0x0000000080000000, 0x0000000100000000)
  region size 1024K, 4 young (4096K), 2 survivors (2048K)
 Metaspace       used 78228K, committed 78848K, reserved 1179648K
  class space    used 10631K, committed 10944K, reserved 1048576K
GC Heap History (20 events):
Event: 11.867 GC heap before
{Heap before GC invocations=18 (full 0):
 garbage-first heap   total 91136K, used 65569K [0x0000000080000000, 0x0000000100000000)
  region size 1024K, 22 young (22528K), 5 survivors (5120K)
 Metaspace       used 58287K, committed 58880K, reserved 1114112K
  class space    used 7977K, committed 8256K, reserved 1048576K
}
Event: 11.871 GC heap after
{Heap after GC invocations=19 (full 0):
 garbage-first heap   total 91136K, used 51434K [0x0000000080000000, 0x0000000100000000)
  region size 1024K, 2 young (2048K), 2 survivors (2048K)
 Metaspace       used 58287K, committed 58880K, reserved 1114112K
  class space    used 7977K, committed 8256K, reserved 1048576K
}
Event: 12.308 GC heap before
{Heap before GC invocations=20 (full 0):
 garbage-first heap   total 94208K, used 70890K [0x0000000080000000, 0x0000000100000000)
  region size 1024K, 21 young (21504K), 2 survivors (2048K)
 Metaspace       used 59807K, committed 60352K, reserved 1114112K
  class space    used 8190K, committed 8448K, reserved 1048576K
}
Event: 12.311 GC heap after
{Heap after GC invocations=21 (full 0):
 garbage-first heap   total 94208K, used 52773K [0x0000000080000000, 0x0000000100000000)
  region size 1024K, 2 young (2048K), 2 survivors (2048K)
 Metaspace       used 59807K, committed 60352K, reserved 1114112K
  class space    used 8190K, committed 8448K, reserved 1048576K
}
Event: 12.644 GC heap before
{Heap before GC invocations=21 (full 0):
 garbage-first heap   total 94208K, used 73253K [0x0000000080000000, 0x0000000100000000)
  region size 1024K, 23 young (23552K), 2 survivors (2048K)
 Metaspace       used 61843K, committed 62464K, reserved 1114112K
  class space    used 8409K, committed 8704K, reserved 1048576K
}
Event: 12.647 GC heap after
{Heap after GC invocations=22 (full 0):
 garbage-first heap   total 94208K, used 53282K [0x0000000080000000, 0x0000000100000000)
  region size 1024K, 2 young (2048K), 2 survivors (2048K)
 Metaspace       used 61843K, committed 62464K, reserved 1114112K
  class space    used 8409K, committed 8704K, reserved 1048576K
}
Event: 13.063 GC heap before
{Heap before GC invocations=23 (full 0):
 garbage-first heap   total 101376K, used 74786K [0x0000000080000000, 0x0000000100000000)
  region size 1024K, 23 young (23552K), 2 survivors (2048K)
 Metaspace       used 64074K, committed 64640K, reserved 1114112K
  class space    used 8697K, committed 8960K, reserved 1048576K
}
Event: 13.067 GC heap after
{Heap after GC invocations=24 (full 0):
 garbage-first heap   total 101376K, used 53877K [0x0000000080000000, 0x0000000100000000)
  region size 1024K, 2 young (2048K), 2 survivors (2048K)
 Metaspace       used 64074K, committed 64640K, reserved 1114112K
  class space    used 8697K, committed 8960K, reserved 1048576K
}
Event: 13.476 GC heap before
{Heap before GC invocations=24 (full 0):
 garbage-first heap   total 101376K, used 73333K [0x0000000080000000, 0x0000000100000000)
  region size 1024K, 22 young (22528K), 2 survivors (2048K)
 Metaspace       used 66928K, committed 67520K, reserved 1114112K
  class space    used 9094K, committed 9408K, reserved 1048576K
}
Event: 13.482 GC heap after
{Heap after GC invocations=25 (full 0):
 garbage-first heap   total 101376K, used 55997K [0x0000000080000000, 0x0000000100000000)
  region size 1024K, 4 young (4096K), 4 survivors (4096K)
 Metaspace       used 66928K, committed 67520K, reserved 1114112K
  class space    used 9094K, committed 9408K, reserved 1048576K
}
Event: 13.641 GC heap before
{Heap before GC invocations=26 (full 0):
 garbage-first heap   total 119808K, used 70333K [0x0000000080000000, 0x0000000100000000)
  region size 1024K, 15 young (15360K), 4 survivors (4096K)
 Metaspace       used 66935K, committed 67584K, reserved 1114112K
  class space    used 9095K, committed 9408K, reserved 1048576K
}
Event: 13.649 GC heap after
{Heap after GC invocations=27 (full 0):
 garbage-first heap   total 119808K, used 57839K [0x0000000080000000, 0x0000000100000000)
  region size 1024K, 4 young (4096K), 4 survivors (4096K)
 Metaspace       used 66935K, committed 67584K, reserved 1114112K
  class space    used 9095K, committed 9408K, reserved 1048576K
}
Event: 14.232 GC heap before
{Heap before GC invocations=28 (full 0):
 garbage-first heap   total 119808K, used 87535K [0x0000000080000000, 0x0000000100000000)
  region size 1024K, 32 young (32768K), 4 survivors (4096K)
 Metaspace       used 69008K, committed 69568K, reserved 1114112K
  class space    used 9381K, committed 9664K, reserved 1048576K
}
Event: 14.238 GC heap after
{Heap after GC invocations=29 (full 0):
 garbage-first heap   total 119808K, used 60321K [0x0000000080000000, 0x0000000100000000)
  region size 1024K, 2 young (2048K), 2 survivors (2048K)
 Metaspace       used 69008K, committed 69568K, reserved 1114112K
  class space    used 9381K, committed 9664K, reserved 1048576K
}
Event: 14.769 GC heap before
{Heap before GC invocations=29 (full 0):
 garbage-first heap   total 119808K, used 90017K [0x0000000080000000, 0x0000000100000000)
  region size 1024K, 31 young (31744K), 2 survivors (2048K)
 Metaspace       used 71172K, committed 71808K, reserved 1114112K
  class space    used 9666K, committed 9984K, reserved 1048576K
}
Event: 14.773 GC heap after
{Heap after GC invocations=30 (full 0):
 garbage-first heap   total 119808K, used 61697K [0x0000000080000000, 0x0000000100000000)
  region size 1024K, 3 young (3072K), 3 survivors (3072K)
 Metaspace       used 71172K, committed 71808K, reserved 1114112K
  class space    used 9666K, committed 9984K, reserved 1048576K
}
Event: 15.249 GC heap before
{Heap before GC invocations=31 (full 0):
 garbage-first heap   total 119808K, used 92417K [0x0000000080000000, 0x0000000100000000)
  region size 1024K, 33 young (33792K), 3 survivors (3072K)
 Metaspace       used 75019K, committed 75584K, reserved 1114112K
  class space    used 10201K, committed 10496K, reserved 1048576K
}
Event: 15.256 GC heap after
{Heap after GC invocations=32 (full 0):
 garbage-first heap   total 119808K, used 62938K [0x0000000080000000, 0x0000000100000000)
  region size 1024K, 3 young (3072K), 3 survivors (3072K)
 Metaspace       used 75019K, committed 75584K, reserved 1114112K
  class space    used 10201K, committed 10496K, reserved 1048576K
}
Event: 15.713 GC heap before
{Heap before GC invocations=32 (full 0):
 garbage-first heap   total 119808K, used 93658K [0x0000000080000000, 0x0000000100000000)
  region size 1024K, 33 young (33792K), 3 survivors (3072K)
 Metaspace       used 76267K, committed 76864K, reserved 1179648K
  class space    used 10356K, committed 10624K, reserved 1048576K
}
Event: 15.721 GC heap after
{Heap after GC invocations=33 (full 0):
 garbage-first heap   total 119808K, used 65983K [0x0000000080000000, 0x0000000100000000)
  region size 1024K, 5 young (5120K), 5 survivors (5120K)
 Metaspace       used 76267K, committed 76864K, reserved 1179648K
  class space    used 10356K, committed 10624K, reserved 1048576K
}

