# JRE version: OpenJDK Runtime Environment (17.0.11) (build 17.0.11+0--11852314)
# Java VM: OpenJDK 64-Bit Server VM (17.0.11+0--11852314, mixed mode, tiered, compressed oops, compressed class ptrs, g1 gc, windows-amd64)
GC Precious Log:
 CPUs: 4 total, 4 available
 Memory: 8077M
 Large Page Support: Disabled
 NUMA Support: Disabled
 Compressed Oops: Enabled (32-bit)
 Heap Region Size: 1M
 Heap Min Capacity: 8M
 Heap Initial Capacity: 128M
 Heap Max Capacity: 2G
 Pre-touch: Disabled
 Parallel Workers: 4
 Concurrent Workers: 1
 Concurrent Refinement Workers: 4
 Periodic GC: Disabled
Heap:
 garbage-first heap   total 91136K, used 53054K [0x0000000080000000, 0x0000000100000000)
  region size 1024K, 25 young (25600K), 4 survivors (4096K)
 Metaspace       used 49603K, committed 50112K, reserved 1114112K
  class space    used 6796K, committed 7040K, reserved 1048576K
GC Heap History (20 events):
Event: 1.256 GC heap before
{Heap before GC invocations=1 (full 0):
 garbage-first heap   total 131072K, used 22699K [0x0000000080000000, 0x0000000100000000)
  region size 1024K, 18 young (18432K), 2 survivors (2048K)
 Metaspace       used 11328K, committed 11520K, reserved 1114112K
  class space    used 1193K, committed 1280K, reserved 1048576K
}
Event: 1.262 GC heap after
{Heap after GC invocations=2 (full 0):
 garbage-first heap   total 131072K, used 10795K [0x0000000080000000, 0x0000000100000000)
  region size 1024K, 3 young (3072K), 3 survivors (3072K)
 Metaspace       used 11328K, committed 11520K, reserved 1114112K
  class space    used 1193K, committed 1280K, reserved 1048576K
}
Event: 1.728 GC heap before
{Heap before GC invocations=2 (full 0):
 garbage-first heap   total 131072K, used 32299K [0x0000000080000000, 0x0000000100000000)
  region size 1024K, 25 young (25600K), 3 survivors (3072K)
 Metaspace       used 11456K, committed 11648K, reserved 1114112K
  class space    used 1196K, committed 1280K, reserved 1048576K
}
Event: 1.731 GC heap after
{Heap after GC invocations=3 (full 0):
 garbage-first heap   total 131072K, used 11550K [0x0000000080000000, 0x0000000100000000)
  region size 1024K, 1 young (1024K), 1 survivors (1024K)
 Metaspace       used 11456K, committed 11648K, reserved 1114112K
  class space    used 1196K, committed 1280K, reserved 1048576K
}
Event: 3.401 GC heap before
{Heap before GC invocations=3 (full 0):
 garbage-first heap   total 131072K, used 60702K [0x0000000080000000, 0x0000000100000000)
  region size 1024K, 49 young (50176K), 1 survivors (1024K)
 Metaspace       used 21282K, committed 21504K, reserved 1114112K
  class space    used 2498K, committed 2624K, reserved 1048576K
}
Event: 3.410 GC heap after
{Heap after GC invocations=4 (full 0):
 garbage-first heap   total 131072K, used 19549K [0x0000000080000000, 0x0000000100000000)
  region size 1024K, 9 young (9216K), 9 survivors (9216K)
 Metaspace       used 21282K, committed 21504K, reserved 1114112K
  class space    used 2498K, committed 2624K, reserved 1048576K
}
Event: 4.228 GC heap before
{Heap before GC invocations=5 (full 0):
 garbage-first heap   total 75776K, used 55389K [0x0000000080000000, 0x0000000100000000)
  region size 1024K, 44 young (45056K), 9 survivors (9216K)
 Metaspace       used 26910K, committed 27200K, reserved 1114112K
  class space    used 3462K, committed 3584K, reserved 1048576K
}
Event: 4.238 GC heap after
{Heap after GC invocations=6 (full 0):
 garbage-first heap   total 75776K, used 21055K [0x0000000080000000, 0x0000000100000000)
  region size 1024K, 2 young (2048K), 2 survivors (2048K)
 Metaspace       used 26910K, committed 27200K, reserved 1114112K
  class space    used 3462K, committed 3584K, reserved 1048576K
}
Event: 5.027 GC heap before
{Heap before GC invocations=6 (full 0):
 garbage-first heap   total 75776K, used 52799K [0x0000000080000000, 0x0000000100000000)
  region size 1024K, 34 young (34816K), 2 survivors (2048K)
 Metaspace       used 31351K, committed 31744K, reserved 1114112K
  class space    used 4181K, committed 4352K, reserved 1048576K
}
Event: 5.032 GC heap after
{Heap after GC invocations=7 (full 0):
 garbage-first heap   total 75776K, used 22741K [0x0000000080000000, 0x0000000100000000)
  region size 1024K, 4 young (4096K), 4 survivors (4096K)
 Metaspace       used 31351K, committed 31744K, reserved 1114112K
  class space    used 4181K, committed 4352K, reserved 1048576K
}
Event: 5.821 GC heap before
{Heap before GC invocations=7 (full 0):
 garbage-first heap   total 75776K, used 55509K [0x0000000080000000, 0x0000000100000000)
  region size 1024K, 36 young (36864K), 4 survivors (4096K)
 Metaspace       used 35480K, committed 35840K, reserved 1114112K
  class space    used 4844K, committed 4992K, reserved 1048576K
}
Event: 5.828 GC heap after
{Heap after GC invocations=8 (full 0):
 garbage-first heap   total 75776K, used 24241K [0x0000000080000000, 0x0000000100000000)
  region size 1024K, 4 young (4096K), 4 survivors (4096K)
 Metaspace       used 35480K, committed 35840K, reserved 1114112K
  class space    used 4844K, committed 4992K, reserved 1048576K
}
Event: 5.864 GC heap before
{Heap before GC invocations=8 (full 0):
 garbage-first heap   total 75776K, used 25265K [0x0000000080000000, 0x0000000100000000)
  region size 1024K, 6 young (6144K), 4 survivors (4096K)
 Metaspace       used 35764K, committed 36096K, reserved 1114112K
  class space    used 4879K, committed 5056K, reserved 1048576K
}
Event: 5.869 GC heap after
{Heap after GC invocations=9 (full 0):
 garbage-first heap   total 75776K, used 24441K [0x0000000080000000, 0x0000000100000000)
  region size 1024K, 2 young (2048K), 2 survivors (2048K)
 Metaspace       used 35764K, committed 36096K, reserved 1114112K
  class space    used 4879K, committed 5056K, reserved 1048576K
}
Event: 6.610 GC heap before
{Heap before GC invocations=10 (full 0):
 garbage-first heap   total 75776K, used 58233K [0x0000000080000000, 0x0000000100000000)
  region size 1024K, 36 young (36864K), 2 survivors (2048K)
 Metaspace       used 41330K, committed 41664K, reserved 1114112K
  class space    used 5473K, committed 5632K, reserved 1048576K
}
Event: 6.618 GC heap after
{Heap after GC invocations=11 (full 0):
 garbage-first heap   total 75776K, used 28910K [0x0000000080000000, 0x0000000100000000)
  region size 1024K, 5 young (5120K), 5 survivors (5120K)
 Metaspace       used 41330K, committed 41664K, reserved 1114112K
  class space    used 5473K, committed 5632K, reserved 1048576K
}
Event: 7.048 GC heap before
{Heap before GC invocations=11 (full 0):
 garbage-first heap   total 75776K, used 57582K [0x0000000080000000, 0x0000000100000000)
  region size 1024K, 33 young (33792K), 5 survivors (5120K)
 Metaspace       used 43120K, committed 43584K, reserved 1114112K
  class space    used 5746K, committed 5952K, reserved 1048576K
}
Event: 7.058 GC heap after
{Heap after GC invocations=12 (full 0):
 garbage-first heap   total 75776K, used 30541K [0x0000000080000000, 0x0000000100000000)
  region size 1024K, 2 young (2048K), 2 survivors (2048K)
 Metaspace       used 43120K, committed 43584K, reserved 1114112K
  class space    used 5746K, committed 5952K, reserved 1048576K
}
Event: 7.858 GC heap before
{Heap before GC invocations=12 (full 0):
 garbage-first heap   total 75776K, used 59213K [0x0000000080000000, 0x0000000100000000)
  region size 1024K, 30 young (30720K), 2 survivors (2048K)
 Metaspace       used 46651K, committed 47168K, reserved 1114112K
  class space    used 6348K, committed 6592K, reserved 1048576K
}
Event: 7.864 GC heap after
{Heap after GC invocations=13 (full 0):
 garbage-first heap   total 91136K, used 32574K [0x0000000080000000, 0x0000000100000000)
  region size 1024K, 4 young (4096K), 4 survivors (4096K)
 Metaspace       used 46651K, committed 47168K, reserved 1114112K
  class space    used 6348K, committed 6592K, reserved 1048576K
}

