# JRE version: OpenJDK Runtime Environment (17.0.11) (build 17.0.11+0--11852314)
# Java VM: OpenJDK 64-Bit Server VM (17.0.11+0--11852314, mixed mode, tiered, compressed oops, compressed class ptrs, g1 gc, windows-amd64)
GC Precious Log:
 CPUs: 4 total, 4 available
 Memory: 8077M
 Large Page Support: Disabled
 NUMA Support: Disabled
 Compressed Oops: Enabled (32-bit)
 Heap Region Size: 1M
 Heap Min Capacity: 8M
 Heap Initial Capacity: 128M
 Heap Max Capacity: 2G
 Pre-touch: Disabled
 Parallel Workers: 4
 Concurrent Workers: 1
 Concurrent Refinement Workers: 4
 Periodic GC: Disabled
Heap:
 garbage-first heap   total 342016K, used 183296K [0x0000000080000000, 0x0000000100000000)
  region size 1024K, 2 young (2048K), 2 survivors (2048K)
 Metaspace       used 108987K, committed 109824K, reserved 1179648K
  class space    used 15281K, committed 15680K, reserved 1048576K
GC Heap History (20 events):
Event: 23.382 GC heap after
{Heap after GC invocations=40 (full 0):
 garbage-first heap   total 171008K, used 73364K [0x0000000080000000, 0x0000000100000000)
  region size 1024K, 1 young (1024K), 1 survivors (1024K)
 Metaspace       used 88434K, committed 89088K, reserved 1179648K
  class space    used 12339K, committed 12672K, reserved 1048576K
}
Event: 25.027 GC heap before
{Heap before GC invocations=40 (full 0):
 garbage-first heap   total 171008K, used 138900K [0x0000000080000000, 0x0000000100000000)
  region size 1024K, 66 young (67584K), 1 survivors (1024K)
 Metaspace       used 93744K, committed 94400K, reserved 1179648K
  class space    used 13119K, committed 13440K, reserved 1048576K
}
Event: 25.040 GC heap after
{Heap after GC invocations=41 (full 0):
 garbage-first heap   total 171008K, used 79555K [0x0000000080000000, 0x0000000100000000)
  region size 1024K, 7 young (7168K), 7 survivors (7168K)
 Metaspace       used 93744K, committed 94400K, reserved 1179648K
  class space    used 13119K, committed 13440K, reserved 1048576K
}
Event: 26.181 GC heap before
{Heap before GC invocations=42 (full 0):
 garbage-first heap   total 171008K, used 137923K [0x0000000080000000, 0x0000000100000000)
  region size 1024K, 65 young (66560K), 7 survivors (7168K)
 Metaspace       used 93981K, committed 94656K, reserved 1179648K
  class space    used 13133K, committed 13440K, reserved 1048576K
}
Event: 26.200 GC heap after
{Heap after GC invocations=43 (full 0):
 garbage-first heap   total 171008K, used 82153K [0x0000000080000000, 0x0000000100000000)
  region size 1024K, 5 young (5120K), 5 survivors (5120K)
 Metaspace       used 93981K, committed 94656K, reserved 1179648K
  class space    used 13133K, committed 13440K, reserved 1048576K
}
Event: 26.289 GC heap before
{Heap before GC invocations=43 (full 0):
 garbage-first heap   total 171008K, used 85225K [0x0000000080000000, 0x0000000100000000)
  region size 1024K, 8 young (8192K), 5 survivors (5120K)
 Metaspace       used 93989K, committed 94656K, reserved 1179648K
  class space    used 13134K, committed 13440K, reserved 1048576K
}
Event: 26.302 GC heap after
{Heap after GC invocations=44 (full 0):
 garbage-first heap   total 342016K, used 80941K [0x0000000080000000, 0x0000000100000000)
  region size 1024K, 1 young (1024K), 1 survivors (1024K)
 Metaspace       used 93989K, committed 94656K, reserved 1179648K
  class space    used 13134K, committed 13440K, reserved 1048576K
}
Event: 31.231 GC heap before
{Heap before GC invocations=44 (full 0):
 garbage-first heap   total 342016K, used 289837K [0x0000000080000000, 0x0000000100000000)
  region size 1024K, 181 young (185344K), 1 survivors (1024K)
 Metaspace       used 100619K, committed 101440K, reserved 1179648K
  class space    used 13949K, committed 14336K, reserved 1048576K
}
Event: 31.251 GC heap after
{Heap after GC invocations=45 (full 0):
 garbage-first heap   total 342016K, used 109791K [0x0000000080000000, 0x0000000100000000)
  region size 1024K, 14 young (14336K), 14 survivors (14336K)
 Metaspace       used 100619K, committed 101440K, reserved 1179648K
  class space    used 13949K, committed 14336K, reserved 1048576K
}
Event: 31.254 GC heap before
{Heap before GC invocations=45 (full 0):
 garbage-first heap   total 342016K, used 112863K [0x0000000080000000, 0x0000000100000000)
  region size 1024K, 18 young (18432K), 14 survivors (14336K)
 Metaspace       used 100619K, committed 101440K, reserved 1179648K
  class space    used 13949K, committed 14336K, reserved 1048576K
}
Event: 31.269 GC heap after
{Heap after GC invocations=46 (full 0):
 garbage-first heap   total 342016K, used 112023K [0x0000000080000000, 0x0000000100000000)
  region size 1024K, 3 young (3072K), 3 survivors (3072K)
 Metaspace       used 100619K, committed 101440K, reserved 1179648K
  class space    used 13949K, committed 14336K, reserved 1048576K
}
Event: 33.492 GC heap before
{Heap before GC invocations=47 (full 0):
 garbage-first heap   total 342016K, used 249239K [0x0000000080000000, 0x0000000100000000)
  region size 1024K, 117 young (119808K), 3 survivors (3072K)
 Metaspace       used 103567K, committed 104320K, reserved 1179648K
  class space    used 14534K, committed 14912K, reserved 1048576K
}
Event: 33.599 GC heap after
{Heap after GC invocations=48 (full 0):
 garbage-first heap   total 342016K, used 164864K [0x0000000080000000, 0x0000000100000000)
  region size 1024K, 15 young (15360K), 15 survivors (15360K)
 Metaspace       used 103567K, committed 104320K, reserved 1179648K
  class space    used 14534K, committed 14912K, reserved 1048576K
}
Event: 33.658 GC heap before
{Heap before GC invocations=48 (full 0):
 garbage-first heap   total 342016K, used 165888K [0x0000000080000000, 0x0000000100000000)
  region size 1024K, 16 young (16384K), 15 survivors (15360K)
 Metaspace       used 103567K, committed 104320K, reserved 1179648K
  class space    used 14534K, committed 14912K, reserved 1048576K
}
Event: 33.712 GC heap after
{Heap after GC invocations=49 (full 0):
 garbage-first heap   total 342016K, used 164727K [0x0000000080000000, 0x0000000100000000)
  region size 1024K, 2 young (2048K), 2 survivors (2048K)
 Metaspace       used 103567K, committed 104320K, reserved 1179648K
  class space    used 14534K, committed 14912K, reserved 1048576K
}
Event: 37.556 GC heap before
{Heap before GC invocations=49 (full 0):
 garbage-first heap   total 342016K, used 242551K [0x0000000080000000, 0x0000000100000000)
  region size 1024K, 79 young (80896K), 2 survivors (2048K)
 Metaspace       used 106685K, committed 107520K, reserved 1179648K
  class space    used 14946K, committed 15360K, reserved 1048576K
}
Event: 37.592 GC heap after
{Heap after GC invocations=50 (full 0):
 garbage-first heap   total 342016K, used 190976K [0x0000000080000000, 0x0000000100000000)
  region size 1024K, 10 young (10240K), 10 survivors (10240K)
 Metaspace       used 106685K, committed 107520K, reserved 1179648K
  class space    used 14946K, committed 15360K, reserved 1048576K
}
Event: 38.910 GC heap before
{Heap before GC invocations=51 (full 0):
 garbage-first heap   total 342016K, used 241152K [0x0000000080000000, 0x0000000100000000)
  region size 1024K, 72 young (73728K), 10 survivors (10240K)
 Metaspace       used 108830K, committed 109632K, reserved 1179648K
  class space    used 15253K, committed 15680K, reserved 1048576K
}
Event: 38.934 GC heap after
{Heap after GC invocations=52 (full 0):
 garbage-first heap   total 342016K, used 183587K [0x0000000080000000, 0x0000000100000000)
  region size 1024K, 5 young (5120K), 5 survivors (5120K)
 Metaspace       used 108830K, committed 109632K, reserved 1179648K
  class space    used 15253K, committed 15680K, reserved 1048576K
}
Event: 39.077 GC heap before
{Heap before GC invocations=52 (full 0):
 garbage-first heap   total 342016K, used 194851K [0x0000000080000000, 0x0000000100000000)
  region size 1024K, 16 young (16384K), 5 survivors (5120K)
 Metaspace       used 108987K, committed 109824K, reserved 1179648K
  class space    used 15281K, committed 15680K, reserved 1048576K
}

