# JRE version: OpenJDK Runtime Environment (17.0.11) (build 17.0.11+0--11852314)
# Java VM: OpenJDK 64-Bit Server VM (17.0.11+0--11852314, mixed mode, tiered, compressed oops, compressed class ptrs, g1 gc, windows-amd64)
GC Precious Log:
 CPUs: 4 total, 4 available
 Memory: 8077M
 Large Page Support: Disabled
 NUMA Support: Disabled
 Compressed Oops: Enabled (32-bit)
 Heap Region Size: 1M
 Heap Min Capacity: 8M
 Heap Initial Capacity: 128M
 Heap Max Capacity: 2G
 Pre-touch: Disabled
 Parallel Workers: 4
 Concurrent Workers: 1
 Concurrent Refinement Workers: 4
 Periodic GC: Disabled
Heap:
 garbage-first heap   total 517120K, used 341941K [0x0000000080000000, 0x0000000100000000)
  region size 1024K, 83 young (84992K), 3 survivors (3072K)
 Metaspace       used 191509K, committed 192832K, reserved 1245184K
  class space    used 24490K, committed 25152K, reserved 1048576K
GC Heap History (20 events):
Event: 144.542 GC heap before
{Heap before GC invocations=79 (full 0):
 garbage-first heap   total 312320K, used 274013K [0x0000000080000000, 0x0000000100000000)
  region size 1024K, 15 young (15360K), 3 survivors (3072K)
 Metaspace       used 179568K, committed 180736K, reserved 1245184K
  class space    used 23129K, committed 23680K, reserved 1048576K
}
Event: 144.554 GC heap after
{Heap after GC invocations=80 (full 0):
 garbage-first heap   total 312320K, used 258763K [0x0000000080000000, 0x0000000100000000)
  region size 1024K, 2 young (2048K), 2 survivors (2048K)
 Metaspace       used 179568K, committed 180736K, reserved 1245184K
  class space    used 23129K, committed 23680K, reserved 1048576K
}
Event: 144.566 GC heap before
{Heap before GC invocations=80 (full 0):
 garbage-first heap   total 312320K, used 260811K [0x0000000080000000, 0x0000000100000000)
  region size 1024K, 5 young (5120K), 2 survivors (2048K)
 Metaspace       used 179568K, committed 180736K, reserved 1245184K
  class space    used 23129K, committed 23680K, reserved 1048576K
}
Event: 144.575 GC heap after
{Heap after GC invocations=81 (full 0):
 garbage-first heap   total 374784K, used 259959K [0x0000000080000000, 0x0000000100000000)
  region size 1024K, 1 young (1024K), 1 survivors (1024K)
 Metaspace       used 179568K, committed 180736K, reserved 1245184K
  class space    used 23129K, committed 23680K, reserved 1048576K
}
Event: 144.583 GC heap before
{Heap before GC invocations=81 (full 0):
 garbage-first heap   total 374784K, used 266103K [0x0000000080000000, 0x0000000100000000)
  region size 1024K, 1 young (1024K), 1 survivors (1024K)
 Metaspace       used 179568K, committed 180736K, reserved 1245184K
  class space    used 23129K, committed 23680K, reserved 1048576K
}
Event: 144.586 GC heap after
{Heap after GC invocations=82 (full 0):
 garbage-first heap   total 374784K, used 266034K [0x0000000080000000, 0x0000000100000000)
  region size 1024K, 1 young (1024K), 1 survivors (1024K)
 Metaspace       used 179568K, committed 180736K, reserved 1245184K
  class space    used 23129K, committed 23680K, reserved 1048576K
}
Event: 145.069 GC heap before
{Heap before GC invocations=82 (full 0):
 garbage-first heap   total 493568K, used 295730K [0x0000000080000000, 0x0000000100000000)
  region size 1024K, 34 young (34816K), 1 survivors (1024K)
 Metaspace       used 179629K, committed 180800K, reserved 1245184K
  class space    used 23129K, committed 23680K, reserved 1048576K
}
Event: 145.079 GC heap after
{Heap after GC invocations=83 (full 0):
 garbage-first heap   total 493568K, used 264272K [0x0000000080000000, 0x0000000100000000)
  region size 1024K, 5 young (5120K), 5 survivors (5120K)
 Metaspace       used 179629K, committed 180800K, reserved 1245184K
  class space    used 23129K, committed 23680K, reserved 1048576K
}
Event: 146.437 GC heap before
{Heap before GC invocations=84 (full 0):
 garbage-first heap   total 493568K, used 352336K [0x0000000080000000, 0x0000000100000000)
  region size 1024K, 90 young (92160K), 5 survivors (5120K)
 Metaspace       used 180054K, committed 181184K, reserved 1245184K
  class space    used 23138K, committed 23680K, reserved 1048576K
}
Event: 146.467 GC heap after
{Heap after GC invocations=85 (full 0):
 garbage-first heap   total 493568K, used 275154K [0x0000000080000000, 0x0000000100000000)
  region size 1024K, 12 young (12288K), 12 survivors (12288K)
 Metaspace       used 180054K, committed 181184K, reserved 1245184K
  class space    used 23138K, committed 23680K, reserved 1048576K
}
Event: 146.611 GC heap before
{Heap before GC invocations=85 (full 0):
 garbage-first heap   total 493568K, used 287442K [0x0000000080000000, 0x0000000100000000)
  region size 1024K, 24 young (24576K), 12 survivors (12288K)
 Metaspace       used 180054K, committed 181184K, reserved 1245184K
  class space    used 23138K, committed 23680K, reserved 1048576K
}
Event: 146.647 GC heap after
{Heap after GC invocations=86 (full 0):
 garbage-first heap   total 493568K, used 237749K [0x0000000080000000, 0x0000000100000000)
  region size 1024K, 3 young (3072K), 3 survivors (3072K)
 Metaspace       used 180054K, committed 181184K, reserved 1245184K
  class space    used 23138K, committed 23680K, reserved 1048576K
}
Event: 148.568 GC heap before
{Heap before GC invocations=86 (full 0):
 garbage-first heap   total 493568K, used 346293K [0x0000000080000000, 0x0000000100000000)
  region size 1024K, 109 young (111616K), 3 survivors (3072K)
 Metaspace       used 180883K, committed 182080K, reserved 1245184K
  class space    used 23164K, committed 23744K, reserved 1048576K
}
Event: 148.597 GC heap after
{Heap after GC invocations=87 (full 0):
 garbage-first heap   total 493568K, used 255755K [0x0000000080000000, 0x0000000100000000)
  region size 1024K, 14 young (14336K), 14 survivors (14336K)
 Metaspace       used 180883K, committed 182080K, reserved 1245184K
  class space    used 23164K, committed 23744K, reserved 1048576K
}
Event: 148.629 GC heap before
{Heap before GC invocations=87 (full 0):
 garbage-first heap   total 493568K, used 258827K [0x0000000080000000, 0x0000000100000000)
  region size 1024K, 18 young (18432K), 14 survivors (14336K)
 Metaspace       used 180886K, committed 182080K, reserved 1245184K
  class space    used 23164K, committed 23744K, reserved 1048576K
}
Event: 148.650 GC heap after
{Heap after GC invocations=88 (full 0):
 garbage-first heap   total 493568K, used 259330K [0x0000000080000000, 0x0000000100000000)
  region size 1024K, 3 young (3072K), 3 survivors (3072K)
 Metaspace       used 180886K, committed 182080K, reserved 1245184K
  class space    used 23164K, committed 23744K, reserved 1048576K
}
Event: 150.162 GC heap before
{Heap before GC invocations=89 (full 0):
 garbage-first heap   total 517120K, used 365826K [0x0000000080000000, 0x0000000100000000)
  region size 1024K, 105 young (107520K), 3 survivors (3072K)
 Metaspace       used 185758K, committed 186880K, reserved 1245184K
  class space    used 23696K, committed 24256K, reserved 1048576K
}
Event: 150.172 GC heap after
{Heap after GC invocations=90 (full 0):
 garbage-first heap   total 517120K, used 263829K [0x0000000080000000, 0x0000000100000000)
  region size 1024K, 7 young (7168K), 7 survivors (7168K)
 Metaspace       used 185758K, committed 186880K, reserved 1245184K
  class space    used 23696K, committed 24256K, reserved 1048576K
}
Event: 150.432 GC heap before
{Heap before GC invocations=90 (full 0):
 garbage-first heap   total 517120K, used 282261K [0x0000000080000000, 0x0000000100000000)
  region size 1024K, 25 young (25600K), 7 survivors (7168K)
 Metaspace       used 186801K, committed 187968K, reserved 1245184K
  class space    used 23835K, committed 24384K, reserved 1048576K
}
Event: 150.450 GC heap after
{Heap after GC invocations=91 (full 0):
 garbage-first heap   total 517120K, used 257973K [0x0000000080000000, 0x0000000100000000)
  region size 1024K, 3 young (3072K), 3 survivors (3072K)
 Metaspace       used 186801K, committed 187968K, reserved 1245184K
  class space    used 23835K, committed 24384K, reserved 1048576K
}

