# JRE version: OpenJDK Runtime Environment (17.0.11) (build 17.0.11+0--11852314)
# Java VM: OpenJDK 64-Bit Server VM (17.0.11+0--11852314, mixed mode, tiered, compressed oops, compressed class ptrs, g1 gc, windows-amd64)
GC Precious Log:
 CPUs: 4 total, 4 available
 Memory: 8077M
 Large Page Support: Disabled
 NUMA Support: Disabled
 Compressed Oops: Enabled (32-bit)
 Heap Region Size: 1M
 Heap Min Capacity: 8M
 Heap Initial Capacity: 128M
 Heap Max Capacity: 2G
 Pre-touch: Disabled
 Parallel Workers: 4
 Concurrent Workers: 1
 Concurrent Refinement Workers: 4
 Periodic GC: Disabled
Heap:
 garbage-first heap   total 334848K, used 255834K [0x0000000080000000, 0x0000000100000000)
  region size 1024K, 39 young (39936K), 4 survivors (4096K)
 Metaspace       used 122143K, committed 123008K, reserved 1179648K
  class space    used 16639K, committed 17024K, reserved 1048576K
GC Heap History (20 events):
Event: 43.319 GC heap before
{Heap before GC invocations=57 (full 0):
 garbage-first heap   total 266240K, used 206258K [0x0000000080000000, 0x0000000100000000)
  region size 1024K, 105 young (107520K), 2 survivors (2048K)
 Metaspace       used 108404K, committed 109312K, reserved 1179648K
  class space    used 14592K, committed 15040K, reserved 1048576K
}
Event: 43.334 GC heap after
{Heap after GC invocations=58 (full 0):
 garbage-first heap   total 266240K, used 103700K [0x0000000080000000, 0x0000000100000000)
  region size 1024K, 6 young (6144K), 6 survivors (6144K)
 Metaspace       used 108404K, committed 109312K, reserved 1179648K
  class space    used 14592K, committed 15040K, reserved 1048576K
}
Event: 47.219 GC heap before
{Heap before GC invocations=58 (full 0):
 garbage-first heap   total 266240K, used 150804K [0x0000000080000000, 0x0000000100000000)
  region size 1024K, 43 young (44032K), 6 survivors (6144K)
 Metaspace       used 113000K, committed 113792K, reserved 1179648K
  class space    used 15215K, committed 15616K, reserved 1048576K
}
Event: 47.234 GC heap after
{Heap after GC invocations=59 (full 0):
 garbage-first heap   total 266240K, used 120544K [0x0000000080000000, 0x0000000100000000)
  region size 1024K, 12 young (12288K), 12 survivors (12288K)
 Metaspace       used 113000K, committed 113792K, reserved 1179648K
  class space    used 15215K, committed 15616K, reserved 1048576K
}
Event: 47.395 GC heap before
{Heap before GC invocations=59 (full 0):
 garbage-first heap   total 266240K, used 130784K [0x0000000080000000, 0x0000000100000000)
  region size 1024K, 16 young (16384K), 12 survivors (12288K)
 Metaspace       used 113307K, committed 114112K, reserved 1179648K
  class space    used 15265K, committed 15680K, reserved 1048576K
}
Event: 47.424 GC heap after
{Heap after GC invocations=60 (full 0):
 garbage-first heap   total 266240K, used 124647K [0x0000000080000000, 0x0000000100000000)
  region size 1024K, 6 young (6144K), 6 survivors (6144K)
 Metaspace       used 113307K, committed 114112K, reserved 1179648K
  class space    used 15265K, committed 15680K, reserved 1048576K
}
Event: 51.957 GC heap before
{Heap before GC invocations=61 (full 0):
 garbage-first heap   total 266240K, used 239335K [0x0000000080000000, 0x0000000100000000)
  region size 1024K, 97 young (99328K), 6 survivors (6144K)
 Metaspace       used 116132K, committed 116928K, reserved 1179648K
  class space    used 15841K, committed 16256K, reserved 1048576K
}
Event: 52.085 GC heap after
{Heap after GC invocations=62 (full 0):
 garbage-first heap   total 278528K, used 164255K [0x0000000080000000, 0x0000000100000000)
  region size 1024K, 13 young (13312K), 13 survivors (13312K)
 Metaspace       used 116132K, committed 116928K, reserved 1179648K
  class space    used 15841K, committed 16256K, reserved 1048576K
}
Event: 52.147 GC heap before
{Heap before GC invocations=62 (full 0):
 garbage-first heap   total 278528K, used 165278K [0x0000000080000000, 0x0000000100000000)
  region size 1024K, 14 young (14336K), 13 survivors (13312K)
 Metaspace       used 116133K, committed 116928K, reserved 1179648K
  class space    used 15841K, committed 16256K, reserved 1048576K
}
Event: 52.216 GC heap after
{Heap after GC invocations=63 (full 0):
 garbage-first heap   total 334848K, used 162858K [0x0000000080000000, 0x0000000100000000)
  region size 1024K, 2 young (2048K), 2 survivors (2048K)
 Metaspace       used 116133K, committed 116928K, reserved 1179648K
  class space    used 15841K, committed 16256K, reserved 1048576K
}
Event: 54.188 GC heap before
{Heap before GC invocations=63 (full 0):
 garbage-first heap   total 334848K, used 255018K [0x0000000080000000, 0x0000000100000000)
  region size 1024K, 93 young (95232K), 2 survivors (2048K)
 Metaspace       used 117680K, committed 118528K, reserved 1179648K
  class space    used 16063K, committed 16448K, reserved 1048576K
}
Event: 54.245 GC heap after
{Heap after GC invocations=64 (full 0):
 garbage-first heap   total 334848K, used 203469K [0x0000000080000000, 0x0000000100000000)
  region size 1024K, 12 young (12288K), 12 survivors (12288K)
 Metaspace       used 117680K, committed 118528K, reserved 1179648K
  class space    used 16063K, committed 16448K, reserved 1048576K
}
Event: 56.943 GC heap before
{Heap before GC invocations=64 (full 0):
 garbage-first heap   total 334848K, used 257741K [0x0000000080000000, 0x0000000100000000)
  region size 1024K, 66 young (67584K), 12 survivors (12288K)
 Metaspace       used 120519K, committed 121344K, reserved 1179648K
  class space    used 16450K, committed 16832K, reserved 1048576K
}
Event: 56.989 GC heap after
{Heap after GC invocations=65 (full 0):
 garbage-first heap   total 334848K, used 210080K [0x0000000080000000, 0x0000000100000000)
  region size 1024K, 6 young (6144K), 6 survivors (6144K)
 Metaspace       used 120519K, committed 121344K, reserved 1179648K
  class space    used 16450K, committed 16832K, reserved 1048576K
}
Event: 58.139 GC heap before
{Heap before GC invocations=65 (full 0):
 garbage-first heap   total 334848K, used 265376K [0x0000000080000000, 0x0000000100000000)
  region size 1024K, 60 young (61440K), 6 survivors (6144K)
 Metaspace       used 121381K, committed 122176K, reserved 1179648K
  class space    used 16560K, committed 16960K, reserved 1048576K
}
Event: 58.156 GC heap after
{Heap after GC invocations=66 (full 0):
 garbage-first heap   total 334848K, used 215245K [0x0000000080000000, 0x0000000100000000)
  region size 1024K, 5 young (5120K), 5 survivors (5120K)
 Metaspace       used 121381K, committed 122176K, reserved 1179648K
  class space    used 16560K, committed 16960K, reserved 1048576K
}
Event: 58.966 GC heap before
{Heap before GC invocations=66 (full 0):
 garbage-first heap   total 334848K, used 273613K [0x0000000080000000, 0x0000000100000000)
  region size 1024K, 58 young (59392K), 5 survivors (5120K)
 Metaspace       used 121670K, committed 122496K, reserved 1179648K
  class space    used 16583K, committed 16960K, reserved 1048576K
}
Event: 58.990 GC heap after
{Heap after GC invocations=67 (full 0):
 garbage-first heap   total 334848K, used 226234K [0x0000000080000000, 0x0000000100000000)
  region size 1024K, 7 young (7168K), 7 survivors (7168K)
 Metaspace       used 121670K, committed 122496K, reserved 1179648K
  class space    used 16583K, committed 16960K, reserved 1048576K
}
Event: 59.897 GC heap before
{Heap before GC invocations=67 (full 0):
 garbage-first heap   total 334848K, used 257978K [0x0000000080000000, 0x0000000100000000)
  region size 1024K, 37 young (37888K), 7 survivors (7168K)
 Metaspace       used 121886K, committed 122752K, reserved 1179648K
  class space    used 16605K, committed 17024K, reserved 1048576K
}
Event: 59.926 GC heap after
{Heap after GC invocations=68 (full 0):
 garbage-first heap   total 334848K, used 231258K [0x0000000080000000, 0x0000000100000000)
  region size 1024K, 4 young (4096K), 4 survivors (4096K)
 Metaspace       used 121886K, committed 122752K, reserved 1179648K
  class space    used 16605K, committed 17024K, reserved 1048576K
}

