# JRE version: OpenJDK Runtime Environment (17.0.11) (build 17.0.11+0--11852314)
# Java VM: OpenJDK 64-Bit Server VM (17.0.11+0--11852314, mixed mode, tiered, compressed oops, compressed class ptrs, g1 gc, windows-amd64)
GC Precious Log:
 CPUs: 4 total, 4 available
 Memory: 8077M
 Large Page Support: Disabled
 NUMA Support: Disabled
 Compressed Oops: Enabled (32-bit)
 Heap Region Size: 1M
 Heap Min Capacity: 8M
 Heap Initial Capacity: 128M
 Heap Max Capacity: 2G
 Pre-touch: Disabled
 Parallel Workers: 4
 Concurrent Workers: 1
 Concurrent Refinement Workers: 4
 Periodic GC: Disabled
Heap:
 garbage-first heap   total 192512K, used 160880K [0x0000000080000000, 0x0000000100000000)
  region size 1024K, 4 young (4096K), 2 survivors (2048K)
 Metaspace       used 113509K, committed 114368K, reserved 1179648K
  class space    used 15265K, committed 15680K, reserved 1048576K
GC Heap History (20 events):
Event: 52.248 GC heap before
{Heap before GC invocations=69 (full 0):
 garbage-first heap   total 191488K, used 160327K [0x0000000080000000, 0x0000000100000000)
  region size 1024K, 31 young (31744K), 4 survivors (4096K)
 Metaspace       used 107537K, committed 108352K, reserved 1179648K
  class space    used 14459K, committed 14848K, reserved 1048576K
}
Event: 52.260 GC heap after
{Heap after GC invocations=70 (full 0):
 garbage-first heap   total 191488K, used 136264K [0x0000000080000000, 0x0000000100000000)
  region size 1024K, 4 young (4096K), 4 survivors (4096K)
 Metaspace       used 107537K, committed 108352K, reserved 1179648K
  class space    used 14459K, committed 14848K, reserved 1048576K
}
Event: 53.784 GC heap before
{Heap before GC invocations=70 (full 0):
 garbage-first heap   total 191488K, used 159816K [0x0000000080000000, 0x0000000100000000)
  region size 1024K, 28 young (28672K), 4 survivors (4096K)
 Metaspace       used 107548K, committed 108352K, reserved 1179648K
  class space    used 14459K, committed 14848K, reserved 1048576K
}
Event: 53.798 GC heap after
{Heap after GC invocations=71 (full 0):
 garbage-first heap   total 191488K, used 140158K [0x0000000080000000, 0x0000000100000000)
  region size 1024K, 4 young (4096K), 4 survivors (4096K)
 Metaspace       used 107548K, committed 108352K, reserved 1179648K
  class space    used 14459K, committed 14848K, reserved 1048576K
}
Event: 54.321 GC heap before
{Heap before GC invocations=71 (full 0):
 garbage-first heap   total 191488K, used 161662K [0x0000000080000000, 0x0000000100000000)
  region size 1024K, 25 young (25600K), 4 survivors (4096K)
 Metaspace       used 107944K, committed 108736K, reserved 1179648K
  class space    used 14519K, committed 14912K, reserved 1048576K
}
Event: 54.335 GC heap after
{Heap after GC invocations=72 (full 0):
 garbage-first heap   total 191488K, used 142249K [0x0000000080000000, 0x0000000100000000)
  region size 1024K, 2 young (2048K), 2 survivors (2048K)
 Metaspace       used 107944K, committed 108736K, reserved 1179648K
  class space    used 14519K, committed 14912K, reserved 1048576K
}
Event: 55.240 GC heap before
{Heap before GC invocations=72 (full 0):
 garbage-first heap   total 191488K, used 163753K [0x0000000080000000, 0x0000000100000000)
  region size 1024K, 22 young (22528K), 2 survivors (2048K)
 Metaspace       used 108168K, committed 109056K, reserved 1179648K
  class space    used 14548K, committed 14976K, reserved 1048576K
}
Event: 55.245 GC heap after
{Heap after GC invocations=73 (full 0):
 garbage-first heap   total 191488K, used 143033K [0x0000000080000000, 0x0000000100000000)
  region size 1024K, 3 young (3072K), 3 survivors (3072K)
 Metaspace       used 108168K, committed 109056K, reserved 1179648K
  class space    used 14548K, committed 14976K, reserved 1048576K
}
Event: 56.077 GC heap before
{Heap before GC invocations=73 (full 0):
 garbage-first heap   total 191488K, used 162489K [0x0000000080000000, 0x0000000100000000)
  region size 1024K, 23 young (23552K), 3 survivors (3072K)
 Metaspace       used 108248K, committed 109120K, reserved 1179648K
  class space    used 14559K, committed 14976K, reserved 1048576K
}
Event: 56.084 GC heap after
{Heap after GC invocations=74 (full 0):
 garbage-first heap   total 191488K, used 144384K [0x0000000080000000, 0x0000000100000000)
  region size 1024K, 3 young (3072K), 3 survivors (3072K)
 Metaspace       used 108248K, committed 109120K, reserved 1179648K
  class space    used 14559K, committed 14976K, reserved 1048576K
}
Event: 56.947 GC heap before
{Heap before GC invocations=74 (full 0):
 garbage-first heap   total 191488K, used 162816K [0x0000000080000000, 0x0000000100000000)
  region size 1024K, 22 young (22528K), 3 survivors (3072K)
 Metaspace       used 109977K, committed 110848K, reserved 1179648K
  class space    used 14761K, committed 15168K, reserved 1048576K
}
Event: 56.954 GC heap after
{Heap after GC invocations=75 (full 0):
 garbage-first heap   total 191488K, used 145973K [0x0000000080000000, 0x0000000100000000)
  region size 1024K, 3 young (3072K), 3 survivors (3072K)
 Metaspace       used 109977K, committed 110848K, reserved 1179648K
  class space    used 14761K, committed 15168K, reserved 1048576K
}
Event: 58.613 GC heap before
{Heap before GC invocations=75 (full 0):
 garbage-first heap   total 191488K, used 173621K [0x0000000080000000, 0x0000000100000000)
  region size 1024K, 20 young (20480K), 3 survivors (3072K)
 Metaspace       used 111837K, committed 112640K, reserved 1179648K
  class space    used 15022K, committed 15424K, reserved 1048576K
}
Event: 58.621 GC heap after
{Heap after GC invocations=76 (full 0):
 garbage-first heap   total 191488K, used 161199K [0x0000000080000000, 0x0000000100000000)
  region size 1024K, 3 young (3072K), 3 survivors (3072K)
 Metaspace       used 111837K, committed 112640K, reserved 1179648K
  class space    used 15022K, committed 15424K, reserved 1048576K
}
Event: 58.822 GC heap before
{Heap before GC invocations=76 (full 0):
 garbage-first heap   total 191488K, used 167343K [0x0000000080000000, 0x0000000100000000)
  region size 1024K, 10 young (10240K), 3 survivors (3072K)
 Metaspace       used 112653K, committed 113472K, reserved 1179648K
  class space    used 15141K, committed 15552K, reserved 1048576K
}
Event: 58.825 GC heap after
{Heap after GC invocations=77 (full 0):
 garbage-first heap   total 191488K, used 161482K [0x0000000080000000, 0x0000000100000000)
  region size 1024K, 1 young (1024K), 1 survivors (1024K)
 Metaspace       used 112653K, committed 113472K, reserved 1179648K
  class space    used 15141K, committed 15552K, reserved 1048576K
}
Event: 59.006 GC heap before
{Heap before GC invocations=77 (full 0):
 garbage-first heap   total 191488K, used 177866K [0x0000000080000000, 0x0000000100000000)
  region size 1024K, 9 young (9216K), 1 survivors (1024K)
 Metaspace       used 113456K, committed 114304K, reserved 1179648K
  class space    used 15262K, committed 15680K, reserved 1048576K
}
Event: 59.009 GC heap after
{Heap after GC invocations=78 (full 0):
 garbage-first heap   total 191488K, used 165861K [0x0000000080000000, 0x0000000100000000)
  region size 1024K, 1 young (1024K), 1 survivors (1024K)
 Metaspace       used 113456K, committed 114304K, reserved 1179648K
  class space    used 15262K, committed 15680K, reserved 1048576K
}
Event: 59.023 GC heap before
{Heap before GC invocations=78 (full 0):
 garbage-first heap   total 191488K, used 185317K [0x0000000080000000, 0x0000000100000000)
  region size 1024K, 9 young (9216K), 1 survivors (1024K)
 Metaspace       used 113465K, committed 114304K, reserved 1179648K
  class space    used 15262K, committed 15680K, reserved 1048576K
}
Event: 59.026 GC heap after
{Heap after GC invocations=79 (full 0):
 garbage-first heap   total 192512K, used 176240K [0x0000000080000000, 0x0000000100000000)
  region size 1024K, 2 young (2048K), 2 survivors (2048K)
 Metaspace       used 113465K, committed 114304K, reserved 1179648K
  class space    used 15262K, committed 15680K, reserved 1048576K
}

