# JRE version: OpenJDK Runtime Environment (17.0.11) (build 17.0.11+0--11852314)
# Java VM: OpenJDK 64-Bit Server VM (17.0.11+0--11852314, mixed mode, tiered, compressed oops, compressed class ptrs, g1 gc, windows-amd64)
GC Precious Log:
 CPUs: 4 total, 4 available
 Memory: 8077M
 Large Page Support: Disabled
 NUMA Support: Disabled
 Compressed Oops: Enabled (32-bit)
 Heap Region Size: 1M
 Heap Min Capacity: 8M
 Heap Initial Capacity: 128M
 Heap Max Capacity: 2G
 Pre-touch: Disabled
 Parallel Workers: 4
 Concurrent Workers: 1
 Concurrent Refinement Workers: 4
 Periodic GC: Disabled
Heap:
 garbage-first heap   total 337920K, used 188523K [0x0000000080000000, 0x0000000100000000)
  region size 1024K, 8 young (8192K), 8 survivors (8192K)
 Metaspace       used 209897K, committed 211200K, reserved 1245184K
  class space    used 27428K, committed 28032K, reserved 1048576K
GC Heap History (20 events):
Event: 1583.062 GC heap after
{Heap after GC invocations=72 (full 0):
 garbage-first heap   total 337920K, used 159238K [0x0000000080000000, 0x0000000100000000)
  region size 1024K, 2 young (2048K), 2 survivors (2048K)
 Metaspace       used 165070K, committed 166272K, reserved 1245184K
  class space    used 22353K, committed 22912K, reserved 1048576K
}
Event: 1584.210 GC heap before
{Heap before GC invocations=72 (full 0):
 garbage-first heap   total 337920K, used 215558K [0x0000000080000000, 0x0000000100000000)
  region size 1024K, 58 young (59392K), 2 survivors (2048K)
 Metaspace       used 172357K, committed 173632K, reserved 1245184K
  class space    used 23273K, committed 23872K, reserved 1048576K
}
Event: 1584.217 GC heap after
{Heap after GC invocations=73 (full 0):
 garbage-first heap   total 337920K, used 160340K [0x0000000080000000, 0x0000000100000000)
  region size 1024K, 4 young (4096K), 4 survivors (4096K)
 Metaspace       used 172357K, committed 173632K, reserved 1245184K
  class space    used 23273K, committed 23872K, reserved 1048576K
}
Event: 1586.590 GC heap before
{Heap before GC invocations=74 (full 0):
 garbage-first heap   total 337920K, used 278100K [0x0000000080000000, 0x0000000100000000)
  region size 1024K, 118 young (120832K), 4 survivors (4096K)
 Metaspace       used 180145K, committed 181440K, reserved 1245184K
  class space    used 24099K, committed 24704K, reserved 1048576K
}
Event: 1586.606 GC heap after
{Heap after GC invocations=75 (full 0):
 garbage-first heap   total 337920K, used 168026K [0x0000000080000000, 0x0000000100000000)
  region size 1024K, 11 young (11264K), 11 survivors (11264K)
 Metaspace       used 180145K, committed 181440K, reserved 1245184K
  class space    used 24099K, committed 24704K, reserved 1048576K
}
Event: 1586.721 GC heap before
{Heap before GC invocations=75 (full 0):
 garbage-first heap   total 337920K, used 173146K [0x0000000080000000, 0x0000000100000000)
  region size 1024K, 16 young (16384K), 11 survivors (11264K)
 Metaspace       used 180602K, committed 181824K, reserved 1245184K
  class space    used 24142K, committed 24704K, reserved 1048576K
}
Event: 1586.741 GC heap after
{Heap after GC invocations=76 (full 0):
 garbage-first heap   total 337920K, used 166662K [0x0000000080000000, 0x0000000100000000)
  region size 1024K, 2 young (2048K), 2 survivors (2048K)
 Metaspace       used 180602K, committed 181824K, reserved 1245184K
  class space    used 24142K, committed 24704K, reserved 1048576K
}
Event: 1590.690 GC heap before
{Heap before GC invocations=76 (full 0):
 garbage-first heap   total 337920K, used 278278K [0x0000000080000000, 0x0000000100000000)
  region size 1024K, 111 young (113664K), 2 survivors (2048K)
 Metaspace       used 195100K, committed 196288K, reserved 1245184K
  class space    used 25683K, committed 26240K, reserved 1048576K
}
Event: 1590.700 GC heap after
{Heap after GC invocations=77 (full 0):
 garbage-first heap   total 337920K, used 169636K [0x0000000080000000, 0x0000000100000000)
  region size 1024K, 5 young (5120K), 5 survivors (5120K)
 Metaspace       used 195100K, committed 196288K, reserved 1245184K
  class space    used 25683K, committed 26240K, reserved 1048576K
}
Event: 1594.449 GC heap before
{Heap before GC invocations=78 (full 0):
 garbage-first heap   total 337920K, used 282276K [0x0000000080000000, 0x0000000100000000)
  region size 1024K, 114 young (116736K), 5 survivors (5120K)
 Metaspace       used 197479K, committed 198720K, reserved 1245184K
  class space    used 25925K, committed 26496K, reserved 1048576K
}
Event: 1594.464 GC heap after
{Heap after GC invocations=79 (full 0):
 garbage-first heap   total 337920K, used 165988K [0x0000000080000000, 0x0000000100000000)
  region size 1024K, 9 young (9216K), 9 survivors (9216K)
 Metaspace       used 197479K, committed 198720K, reserved 1245184K
  class space    used 25925K, committed 26496K, reserved 1048576K
}
Event: 1594.862 GC heap before
{Heap before GC invocations=79 (full 0):
 garbage-first heap   total 337920K, used 183396K [0x0000000080000000, 0x0000000100000000)
  region size 1024K, 16 young (16384K), 9 survivors (9216K)
 Metaspace       used 198146K, committed 199424K, reserved 1245184K
  class space    used 26010K, committed 26624K, reserved 1048576K
}
Event: 1594.879 GC heap after
{Heap after GC invocations=80 (full 0):
 garbage-first heap   total 337920K, used 177012K [0x0000000080000000, 0x0000000100000000)
  region size 1024K, 2 young (2048K), 2 survivors (2048K)
 Metaspace       used 198146K, committed 199424K, reserved 1245184K
  class space    used 26010K, committed 26624K, reserved 1048576K
}
Event: 1594.923 GC heap before
{Heap before GC invocations=80 (full 0):
 garbage-first heap   total 337920K, used 177012K [0x0000000080000000, 0x0000000100000000)
  region size 1024K, 3 young (3072K), 2 survivors (2048K)
 Metaspace       used 198146K, committed 199424K, reserved 1245184K
  class space    used 26010K, committed 26624K, reserved 1048576K
}
Event: 1594.925 GC heap after
{Heap after GC invocations=81 (full 0):
 garbage-first heap   total 337920K, used 177671K [0x0000000080000000, 0x0000000100000000)
  region size 1024K, 3 young (3072K), 3 survivors (3072K)
 Metaspace       used 198146K, committed 199424K, reserved 1245184K
  class space    used 26010K, committed 26624K, reserved 1048576K
}
Event: 1596.725 GC heap before
{Heap before GC invocations=82 (full 0):
 garbage-first heap   total 337920K, used 251399K [0x0000000080000000, 0x0000000100000000)
  region size 1024K, 70 young (71680K), 3 survivors (3072K)
 Metaspace       used 206206K, committed 207552K, reserved 1245184K
  class space    used 26993K, committed 27648K, reserved 1048576K
}
Event: 1596.735 GC heap after
{Heap after GC invocations=83 (full 0):
 garbage-first heap   total 337920K, used 185538K [0x0000000080000000, 0x0000000100000000)
  region size 1024K, 7 young (7168K), 7 survivors (7168K)
 Metaspace       used 206206K, committed 207552K, reserved 1245184K
  class space    used 26993K, committed 27648K, reserved 1048576K
}
Event: 1596.925 GC heap before
{Heap before GC invocations=83 (full 0):
 garbage-first heap   total 337920K, used 193730K [0x0000000080000000, 0x0000000100000000)
  region size 1024K, 16 young (16384K), 7 survivors (7168K)
 Metaspace       used 207303K, committed 208576K, reserved 1245184K
  class space    used 27097K, committed 27712K, reserved 1048576K
}
Event: 1596.936 GC heap after
{Heap after GC invocations=84 (full 0):
 garbage-first heap   total 337920K, used 181637K [0x0000000080000000, 0x0000000100000000)
  region size 1024K, 1 young (1024K), 1 survivors (1024K)
 Metaspace       used 207303K, committed 208576K, reserved 1245184K
  class space    used 27097K, committed 27712K, reserved 1048576K
}
Event: 1598.963 GC heap before
{Heap before GC invocations=84 (full 0):
 garbage-first heap   total 337920K, used 253317K [0x0000000080000000, 0x0000000100000000)
  region size 1024K, 72 young (73728K), 1 survivors (1024K)
 Metaspace       used 209897K, committed 211200K, reserved 1245184K
  class space    used 27428K, committed 28032K, reserved 1048576K
}

